2024-05-22 13:58:39.839 [info] ログ レベル: Info
2024-05-22 13:58:39.839 [info] Git の検証が検出されました: "git"
2024-05-22 13:58:39.839 [info] "git" から Git "2.34.1" を使用しています
2024-05-22 13:58:39.839 [info] > git rev-parse --show-toplevel [2ms]
2024-05-22 13:58:39.839 [info] fatal: not a git repository (or any of the parent directories): .git
2024-05-22 13:58:39.839 [info] > git rev-parse --show-toplevel [6ms]
2024-05-22 13:58:39.839 [info] fatal: not a git repository (or any of the parent directories): .git
2024-05-22 13:58:39.839 [info] > git rev-parse --show-toplevel [1ms]
2024-05-22 13:58:39.839 [info] fatal: not a git repository (or any of the parent directories): .git
2024-05-22 13:58:39.839 [info] > git rev-parse --show-toplevel [2ms]
2024-05-22 13:58:39.839 [info] fatal: not a git repository (or any of the parent directories): .git
2024-05-22 13:58:39.839 [info] > git rev-parse --show-toplevel [0ms]
2024-05-22 13:58:39.839 [info] fatal: not a git repository (or any of the parent directories): .git
2024-05-22 13:58:39.839 [info] > git rev-parse --show-toplevel [1ms]
2024-05-22 13:58:39.839 [info] fatal: not a git repository (or any of the parent directories): .git
2024-05-22 13:58:39.839 [info] > git rev-parse --show-toplevel [1ms]
2024-05-22 13:58:39.839 [info] fatal: not a git repository (or any of the parent directories): .git
2024-05-22 13:58:39.839 [info] > git rev-parse --show-toplevel [1ms]
2024-05-22 13:58:39.839 [info] fatal: not a git repository (or any of the parent directories): .git
2024-05-22 13:58:40.131 [info] > git rev-parse --show-toplevel [1ms]
2024-05-22 13:58:40.131 [info] fatal: not a git repository (or any of the parent directories): .git
2024-05-22 14:08:37.993 [info] > git rev-parse --show-toplevel [1ms]
2024-05-22 14:08:37.993 [info] fatal: not a git repository (or any of the parent directories): .git
