2024-05-22 14:55:12.525 [info] Extension host with pid 719 started
2024-05-22 14:55:12.537 [info] Lock '/home/kimura/.vscode-server/data/User/workspaceStorage/b576e8015bd81410730af1b50aa655b8/vscode.lock': Lock acquired.
2024-05-22 14:55:12.591 [info] ExtensionService#_doActivateExtension vscode.emmet, startup: false, activationEvent: 'onLanguage'
2024-05-22 14:55:12.592 [info] ExtensionService#_doActivateExtension ms-azuretools.vscode-docker, startup: false, activationEvent: 'onLanguage:dockercompose'
2024-05-22 14:55:12.776 [warning] Using default string since no string found in i18n bundle that has the key: Learn more
2024-05-22 14:55:12.797 [warning] Using default string since no string found in i18n bundle that has the key: Yes
2024-05-22 14:55:12.797 [warning] Using default string since no string found in i18n bundle that has the key: No
2024-05-22 14:55:12.797 [warning] Using default string since no string found in i18n bundle that has the key: Cancel
2024-05-22 14:55:12.797 [warning] Using default string since no string found in i18n bundle that has the key: Delete
2024-05-22 14:55:12.797 [warning] Using default string since no string found in i18n bundle that has the key: Don't warn again
2024-05-22 14:55:12.797 [warning] Using default string since no string found in i18n bundle that has the key: Skip for now
2024-05-22 14:55:12.797 [warning] Using default string since no string found in i18n bundle that has the key: Upload
2024-05-22 14:55:12.798 [warning] Using default string since no string found in i18n bundle that has the key: Always upload
2024-05-22 14:55:12.798 [warning] Using default string since no string found in i18n bundle that has the key: Don't upload
2024-05-22 14:55:12.798 [warning] Using default string since no string found in i18n bundle that has the key: Report an issue
2024-05-22 14:55:12.810 [warning] Using default string since no string found in i18n bundle that has the key: "registerUIExtensionVariables" must be called before using the vscode-azureextensionui package.
2024-05-22 14:55:12.813 [warning] Using default string since no string found in i18n bundle that has the key: This operation is not supported.
2024-05-22 14:55:12.839 [warning] Using default string since no string found in i18n bundle that has the key: Load More...
2024-05-22 14:55:12.893 [warning] Using default string since no string found in i18n bundle that has the key: Use a Dockerfile
2024-05-22 14:55:12.893 [warning] Using default string since no string found in i18n bundle that has the key: Use .NET SDK
2024-05-22 14:55:12.894 [warning] Using default string since no string found in i18n bundle that has the key: No grouping
2024-05-22 14:55:12.894 [warning] Using default string since no string found in i18n bundle that has the key: Sort by newest
2024-05-22 14:55:12.894 [warning] Using default string since no string found in i18n bundle that has the key: Sort alphabetically by label
2024-05-22 14:55:12.895 [warning] Using default string since no string found in i18n bundle that has the key: Value used to associate containers launched by a 'docker-compose up' command
2024-05-22 14:55:12.895 [warning] Using default string since no string found in i18n bundle that has the key: Individual Containers
2024-05-22 14:55:12.895 [warning] Using default string since no string found in i18n bundle that has the key: Others
2024-05-22 14:55:12.896 [warning] Using default string since no string found in i18n bundle that has the key: Choose a project file
2024-05-22 14:55:12.896 [warning] Using default string since no string found in i18n bundle that has the key: No C# or F# project files were found in the workspace.
2024-05-22 14:55:12.896 [warning] Using default string since no string found in i18n bundle that has the key: Choose a package.json file
2024-05-22 14:55:12.896 [warning] Using default string since no string found in i18n bundle that has the key: No package.json files were found in the workspace.
2024-05-22 14:55:12.897 [warning] Using default string since no string found in i18n bundle that has the key: Overwrite File
2024-05-22 14:55:12.897 [warning] Using default string since no string found in i18n bundle that has the key: Skip File
2024-05-22 14:55:12.897 [warning] Using default string since no string found in i18n bundle that has the key: Cancel
2024-05-22 14:55:12.912 [warning] Using default string since no string found in i18n bundle that has the key: Redis is an open source key-value store that functions as a data structure server.
2024-05-22 14:55:12.912 [warning] Using default string since no string found in i18n bundle that has the key: Ubuntu is a Debian-based Linux operating system based on free software.
2024-05-22 14:55:12.912 [warning] Using default string since no string found in i18n bundle that has the key: The WordPress rich content management system can utilize plugins, widgets, and themes.
2024-05-22 14:55:12.912 [warning] Using default string since no string found in i18n bundle that has the key: MySQL is a widely used, open-source relational database management system (RDBMS).
2024-05-22 14:55:12.912 [warning] Using default string since no string found in i18n bundle that has the key: MongoDB document databases provide high availability and easy scalability.
2024-05-22 14:55:12.912 [warning] Using default string since no string found in i18n bundle that has the key: The official build of CentOS.
2024-05-22 14:55:12.912 [warning] Using default string since no string found in i18n bundle that has the key: Node.js is a JavaScript-based platform for server-side and networking applications.
2024-05-22 14:55:12.912 [warning] Using default string since no string found in i18n bundle that has the key: Official build of Nginx.
2024-05-22 14:55:12.912 [warning] Using default string since no string found in i18n bundle that has the key: The PostgreSQL object-relational database system provides reliability and data integrity.
2024-05-22 14:55:12.912 [warning] Using default string since no string found in i18n bundle that has the key: ASP.NET is an open source server-side Web application framework
2024-05-22 14:55:13.015 [warning] Using default string since no string found in i18n bundle that has the key: Containers
2024-05-22 14:55:13.015 [warning] Using default string since no string found in i18n bundle that has the key: Configure containers explorer
2024-05-22 14:55:13.016 [warning] Using default string since no string found in i18n bundle that has the key: Networks
2024-05-22 14:55:13.016 [warning] Using default string since no string found in i18n bundle that has the key: Configure networks explorer
2024-05-22 14:55:13.016 [warning] Using default string since no string found in i18n bundle that has the key: Images
2024-05-22 14:55:13.016 [warning] Using default string since no string found in i18n bundle that has the key: Configure images explorer
2024-05-22 14:55:13.016 [warning] Using default string since no string found in i18n bundle that has the key: Sort by image size
2024-05-22 14:55:13.017 [warning] Using default string since no string found in i18n bundle that has the key: GitHub
2024-05-22 14:55:13.017 [warning] Using default string since no string found in i18n bundle that has the key: GitHub Container Registry
2024-05-22 14:55:13.017 [warning] Using default string since no string found in i18n bundle that has the key: Docker Hub
2024-05-22 14:55:13.017 [warning] Using default string since no string found in i18n bundle that has the key: Azure
2024-05-22 14:55:13.017 [warning] Using default string since no string found in i18n bundle that has the key: Azure Container Registry
2024-05-22 14:55:13.018 [warning] Using default string since no string found in i18n bundle that has the key: Generic Registry V2
2024-05-22 14:55:13.018 [warning] Using default string since no string found in i18n bundle that has the key: Volumes
2024-05-22 14:55:13.018 [warning] Using default string since no string found in i18n bundle that has the key: Configure volumes explorer
2024-05-22 14:55:13.019 [warning] Using default string since no string found in i18n bundle that has the key: Contexts
2024-05-22 14:55:13.019 [warning] Using default string since no string found in i18n bundle that has the key: Configure Docker Contexts Explorer
2024-05-22 14:55:13.324 [info] ExtensionService#_doActivateExtension vscode.git-base, startup: true, activationEvent: '*', root cause: vscode.git
2024-05-22 14:55:13.592 [info] ExtensionService#_doActivateExtension vscode.git, startup: true, activationEvent: '*'
2024-05-22 14:55:13.592 [info] ExtensionService#_doActivateExtension vscode.github, startup: true, activationEvent: '*'
2024-05-22 14:55:13.840 [info] Eager extensions activated
2024-05-22 14:55:13.840 [info] ExtensionService#_doActivateExtension vscode.debug-auto-launch, startup: false, activationEvent: 'onStartupFinished'
2024-05-22 14:55:13.841 [info] ExtensionService#_doActivateExtension vscode.merge-conflict, startup: false, activationEvent: 'onStartupFinished'
2024-05-22 14:56:17.499 [info] ExtensionService#_doActivateExtension vscode.npm, startup: false, activationEvent: 'onTerminalQuickFixRequest:ms-vscode.npm-command'
2024-05-22 15:06:03.318 [info] ExtensionService#_doActivateExtension vscode.tunnel-forwarding, startup: false, activationEvent: 'onTunnel'
2024-05-22 15:13:46.250 [info] Extension host terminating: received terminate message from renderer
2024-05-22 15:13:46.250 [info] Lock '/home/kimura/.vscode-server/data/User/workspaceStorage/b576e8015bd81410730af1b50aa655b8/vscode.lock': Marking the lockfile as scheduled to be released in 6000 ms.
2024-05-22 15:13:46.296 [info] Extension host with pid 719 exiting with code 0
