2024-05-22 14:54:59.029 [info] Extension host with pid 493 started
2024-05-22 14:54:59.029 [error] Error: EEXIST: file already exists, open '/home/kimura/.vscode-server/data/User/workspaceStorage/b576e8015bd81410730af1b50aa655b8/vscode.lock'
2024-05-22 14:54:59.037 [info] Lock '/home/kimura/.vscode-server/data/User/workspaceStorage/b576e8015bd81410730af1b50aa655b8/vscode.lock': Could not acquire lock, checking if the file is stale.
2024-05-22 14:54:59.043 [info] Lock '/home/kimura/.vscode-server/data/User/workspaceStorage/b576e8015bd81410730af1b50aa655b8/vscode.lock': The pid 22660 appears to be gone.
2024-05-22 14:54:59.043 [info] Lock '/home/kimura/.vscode-server/data/User/workspaceStorage/b576e8015bd81410730af1b50aa655b8/vscode.lock': Deleting a stale lock.
2024-05-22 14:54:59.060 [info] Lock '/home/kimura/.vscode-server/data/User/workspaceStorage/b576e8015bd81410730af1b50aa655b8/vscode.lock': Lock acquired.
2024-05-22 14:54:59.188 [info] ExtensionService#_doActivateExtension vscode.emmet, startup: false, activationEvent: 'onLanguage'
2024-05-22 14:54:59.189 [info] ExtensionService#_doActivateExtension ms-azuretools.vscode-docker, startup: false, activationEvent: 'onLanguage:dockercompose'
2024-05-22 14:54:59.359 [warning] Using default string since no string found in i18n bundle that has the key: Learn more
2024-05-22 14:54:59.387 [warning] Using default string since no string found in i18n bundle that has the key: Yes
2024-05-22 14:54:59.387 [warning] Using default string since no string found in i18n bundle that has the key: No
2024-05-22 14:54:59.387 [warning] Using default string since no string found in i18n bundle that has the key: Cancel
2024-05-22 14:54:59.387 [warning] Using default string since no string found in i18n bundle that has the key: Delete
2024-05-22 14:54:59.387 [warning] Using default string since no string found in i18n bundle that has the key: Don't warn again
2024-05-22 14:54:59.387 [warning] Using default string since no string found in i18n bundle that has the key: Skip for now
2024-05-22 14:54:59.387 [warning] Using default string since no string found in i18n bundle that has the key: Upload
2024-05-22 14:54:59.387 [warning] Using default string since no string found in i18n bundle that has the key: Always upload
2024-05-22 14:54:59.387 [warning] Using default string since no string found in i18n bundle that has the key: Don't upload
2024-05-22 14:54:59.387 [warning] Using default string since no string found in i18n bundle that has the key: Report an issue
2024-05-22 14:54:59.406 [warning] Using default string since no string found in i18n bundle that has the key: "registerUIExtensionVariables" must be called before using the vscode-azureextensionui package.
2024-05-22 14:54:59.409 [warning] Using default string since no string found in i18n bundle that has the key: This operation is not supported.
2024-05-22 14:54:59.429 [warning] Using default string since no string found in i18n bundle that has the key: Load More...
2024-05-22 14:54:59.471 [warning] Using default string since no string found in i18n bundle that has the key: Use a Dockerfile
2024-05-22 14:54:59.471 [warning] Using default string since no string found in i18n bundle that has the key: Use .NET SDK
2024-05-22 14:54:59.471 [warning] Using default string since no string found in i18n bundle that has the key: No grouping
2024-05-22 14:54:59.471 [warning] Using default string since no string found in i18n bundle that has the key: Sort by newest
2024-05-22 14:54:59.472 [warning] Using default string since no string found in i18n bundle that has the key: Sort alphabetically by label
2024-05-22 14:54:59.472 [warning] Using default string since no string found in i18n bundle that has the key: Value used to associate containers launched by a 'docker-compose up' command
2024-05-22 14:54:59.472 [warning] Using default string since no string found in i18n bundle that has the key: Individual Containers
2024-05-22 14:54:59.472 [warning] Using default string since no string found in i18n bundle that has the key: Others
2024-05-22 14:54:59.473 [warning] Using default string since no string found in i18n bundle that has the key: Choose a project file
2024-05-22 14:54:59.473 [warning] Using default string since no string found in i18n bundle that has the key: No C# or F# project files were found in the workspace.
2024-05-22 14:54:59.473 [warning] Using default string since no string found in i18n bundle that has the key: Choose a package.json file
2024-05-22 14:54:59.473 [warning] Using default string since no string found in i18n bundle that has the key: No package.json files were found in the workspace.
2024-05-22 14:54:59.474 [warning] Using default string since no string found in i18n bundle that has the key: Overwrite File
2024-05-22 14:54:59.474 [warning] Using default string since no string found in i18n bundle that has the key: Skip File
2024-05-22 14:54:59.474 [warning] Using default string since no string found in i18n bundle that has the key: Cancel
2024-05-22 14:54:59.485 [warning] Using default string since no string found in i18n bundle that has the key: Redis is an open source key-value store that functions as a data structure server.
2024-05-22 14:54:59.486 [warning] Using default string since no string found in i18n bundle that has the key: Ubuntu is a Debian-based Linux operating system based on free software.
2024-05-22 14:54:59.486 [warning] Using default string since no string found in i18n bundle that has the key: The WordPress rich content management system can utilize plugins, widgets, and themes.
2024-05-22 14:54:59.486 [warning] Using default string since no string found in i18n bundle that has the key: MySQL is a widely used, open-source relational database management system (RDBMS).
2024-05-22 14:54:59.486 [warning] Using default string since no string found in i18n bundle that has the key: MongoDB document databases provide high availability and easy scalability.
2024-05-22 14:54:59.486 [warning] Using default string since no string found in i18n bundle that has the key: The official build of CentOS.
2024-05-22 14:54:59.486 [warning] Using default string since no string found in i18n bundle that has the key: Node.js is a JavaScript-based platform for server-side and networking applications.
2024-05-22 14:54:59.486 [warning] Using default string since no string found in i18n bundle that has the key: Official build of Nginx.
2024-05-22 14:54:59.486 [warning] Using default string since no string found in i18n bundle that has the key: The PostgreSQL object-relational database system provides reliability and data integrity.
2024-05-22 14:54:59.486 [warning] Using default string since no string found in i18n bundle that has the key: ASP.NET is an open source server-side Web application framework
2024-05-22 14:54:59.595 [warning] Using default string since no string found in i18n bundle that has the key: Containers
2024-05-22 14:54:59.595 [warning] Using default string since no string found in i18n bundle that has the key: Configure containers explorer
2024-05-22 14:54:59.596 [warning] Using default string since no string found in i18n bundle that has the key: Networks
2024-05-22 14:54:59.596 [warning] Using default string since no string found in i18n bundle that has the key: Configure networks explorer
2024-05-22 14:54:59.597 [warning] Using default string since no string found in i18n bundle that has the key: Images
2024-05-22 14:54:59.597 [warning] Using default string since no string found in i18n bundle that has the key: Configure images explorer
2024-05-22 14:54:59.597 [warning] Using default string since no string found in i18n bundle that has the key: Sort by image size
2024-05-22 14:54:59.597 [warning] Using default string since no string found in i18n bundle that has the key: GitHub
2024-05-22 14:54:59.597 [warning] Using default string since no string found in i18n bundle that has the key: GitHub Container Registry
2024-05-22 14:54:59.597 [warning] Using default string since no string found in i18n bundle that has the key: Docker Hub
2024-05-22 14:54:59.598 [warning] Using default string since no string found in i18n bundle that has the key: Azure
2024-05-22 14:54:59.598 [warning] Using default string since no string found in i18n bundle that has the key: Azure Container Registry
2024-05-22 14:54:59.598 [warning] Using default string since no string found in i18n bundle that has the key: Generic Registry V2
2024-05-22 14:54:59.598 [warning] Using default string since no string found in i18n bundle that has the key: Volumes
2024-05-22 14:54:59.598 [warning] Using default string since no string found in i18n bundle that has the key: Configure volumes explorer
2024-05-22 14:54:59.599 [warning] Using default string since no string found in i18n bundle that has the key: Contexts
2024-05-22 14:54:59.599 [warning] Using default string since no string found in i18n bundle that has the key: Configure Docker Contexts Explorer
2024-05-22 14:54:59.790 [info] ExtensionService#_doActivateExtension vscode.git-base, startup: true, activationEvent: '*', root cause: vscode.git
2024-05-22 14:54:59.921 [info] ExtensionService#_doActivateExtension vscode.git, startup: true, activationEvent: '*'
2024-05-22 14:54:59.922 [info] ExtensionService#_doActivateExtension vscode.github, startup: true, activationEvent: '*'
2024-05-22 14:55:00.313 [info] Eager extensions activated
2024-05-22 14:55:00.313 [info] ExtensionService#_doActivateExtension vscode.debug-auto-launch, startup: false, activationEvent: 'onStartupFinished'
2024-05-22 14:55:00.314 [info] ExtensionService#_doActivateExtension vscode.merge-conflict, startup: false, activationEvent: 'onStartupFinished'
2024-05-22 14:55:01.777 [info] Extension host terminating: received terminate message from renderer
2024-05-22 14:55:01.777 [info] Lock '/home/kimura/.vscode-server/data/User/workspaceStorage/b576e8015bd81410730af1b50aa655b8/vscode.lock': Marking the lockfile as scheduled to be released in 6000 ms.
2024-05-22 14:55:01.843 [info] Extension host with pid 493 exiting with code 0
