2024-05-23 16:16:19.049 [info] Extension host with pid 71302 started
2024-05-23 16:16:19.072 [info] Lock '/home/kimura/.vscode-server/data/User/workspaceStorage/b576e8015bd81410730af1b50aa655b8/vscode.lock': Lock acquired.
2024-05-23 16:16:19.109 [info] ExtensionService#_doActivateExtension vscode.emmet, startup: false, activationEvent: 'onLanguage'
2024-05-23 16:16:19.110 [info] ExtensionService#_doActivateExtension vscode.php-language-features, startup: false, activationEvent: 'onLanguage:php'
2024-05-23 16:16:19.339 [info] ExtensionService#_doActivateExtension vscode.git-base, startup: true, activationEvent: '*', root cause: vscode.git
2024-05-23 16:16:19.573 [info] ExtensionService#_doActivateExtension vscode.git, startup: true, activationEvent: '*'
2024-05-23 16:16:19.574 [info] ExtensionService#_doActivateExtension vscode.github, startup: true, activationEvent: '*'
2024-05-23 16:16:19.936 [info] ExtensionService#_doActivateExtension vscode.tunnel-forwarding, startup: false, activationEvent: 'onTunnel'
2024-05-23 16:16:20.124 [info] Eager extensions activated
2024-05-23 16:16:20.130 [info] ExtensionService#_doActivateExtension vscode.debug-auto-launch, startup: false, activationEvent: 'onStartupFinished'
2024-05-23 16:16:20.130 [info] ExtensionService#_doActivateExtension vscode.merge-conflict, startup: false, activationEvent: 'onStartupFinished'
2024-05-23 16:37:41.763 [info] ExtensionService#_doActivateExtension vscode.npm, startup: false, activationEvent: 'onTerminalQuickFixRequest:ms-vscode.npm-command'
2024-05-24 16:30:45.423 [info] ExtensionService#_doActivateExtension onecentlin.laravel-blade, startup: false, activationEvent: 'onLanguage:blade'
2024-05-24 16:30:46.108 [warning] [Decorations] CAPPING events from decorations provider vscode.git 351
2024-05-24 16:30:51.142 [warning] [Decorations] CAPPING events from decorations provider vscode.git 351
2024-05-24 16:30:56.169 [warning] [Decorations] CAPPING events from decorations provider vscode.git 351
2024-05-24 16:31:01.199 [warning] [Decorations] CAPPING events from decorations provider vscode.git 351
2024-05-24 16:31:06.230 [warning] [Decorations] CAPPING events from decorations provider vscode.git 352
2024-05-24 16:33:46.686 [warning] [Decorations] CAPPING events from decorations provider vscode.git 352
2024-05-24 16:33:51.718 [warning] [Decorations] CAPPING events from decorations provider vscode.git 352
2024-05-24 16:33:56.748 [warning] [Decorations] CAPPING events from decorations provider vscode.git 352
2024-05-24 16:34:01.779 [warning] [Decorations] CAPPING events from decorations provider vscode.git 352
2024-05-24 16:34:06.808 [warning] [Decorations] CAPPING events from decorations provider vscode.git 352
2024-05-24 16:34:11.842 [warning] [Decorations] CAPPING events from decorations provider vscode.git 352
2024-05-24 16:34:16.879 [warning] [Decorations] CAPPING events from decorations provider vscode.git 352
2024-05-24 16:34:21.910 [warning] [Decorations] CAPPING events from decorations provider vscode.git 352
2024-05-24 16:36:52.730 [warning] [Decorations] CAPPING events from decorations provider vscode.git 352
2024-05-24 16:36:57.762 [warning] [Decorations] CAPPING events from decorations provider vscode.git 352
2024-05-24 16:37:02.792 [warning] [Decorations] CAPPING events from decorations provider vscode.git 352
2024-05-24 16:37:09.686 [warning] [Decorations] CAPPING events from decorations provider vscode.git 352
2024-05-24 16:37:14.715 [warning] [Decorations] CAPPING events from decorations provider vscode.git 352
2024-05-24 16:37:19.748 [warning] [Decorations] CAPPING events from decorations provider vscode.git 352
2024-05-24 16:37:24.781 [warning] [Decorations] CAPPING events from decorations provider vscode.git 352
2024-05-24 16:37:34.517 [warning] [Decorations] CAPPING events from decorations provider vscode.git 352
2024-05-24 16:37:39.554 [warning] [Decorations] CAPPING events from decorations provider vscode.git 352
2024-05-24 16:37:44.592 [warning] [Decorations] CAPPING events from decorations provider vscode.git 352
2024-05-24 16:37:49.625 [warning] [Decorations] CAPPING events from decorations provider vscode.git 352
2024-05-24 16:37:54.664 [warning] [Decorations] CAPPING events from decorations provider vscode.git 352
2024-05-24 16:37:59.704 [warning] [Decorations] CAPPING events from decorations provider vscode.git 353
2024-05-24 16:38:09.417 [warning] [Decorations] CAPPING events from decorations provider vscode.git 353
2024-05-24 16:38:14.452 [warning] [Decorations] CAPPING events from decorations provider vscode.git 353
2024-05-24 16:38:19.487 [warning] [Decorations] CAPPING events from decorations provider vscode.git 353
2024-05-24 16:38:24.539 [warning] [Decorations] CAPPING events from decorations provider vscode.git 353
2024-05-24 16:38:29.579 [warning] [Decorations] CAPPING events from decorations provider vscode.git 353
2024-05-24 16:38:34.611 [warning] [Decorations] CAPPING events from decorations provider vscode.git 353
2024-05-24 16:38:39.671 [warning] [Decorations] CAPPING events from decorations provider vscode.git 353
2024-05-24 16:38:44.724 [warning] [Decorations] CAPPING events from decorations provider vscode.git 353
2024-05-24 16:38:49.759 [warning] [Decorations] CAPPING events from decorations provider vscode.git 353
2024-05-24 16:38:54.800 [warning] [Decorations] CAPPING events from decorations provider vscode.git 353
2024-05-24 16:38:59.839 [warning] [Decorations] CAPPING events from decorations provider vscode.git 353
2024-05-24 16:39:04.877 [warning] [Decorations] CAPPING events from decorations provider vscode.git 353
2024-05-24 16:39:09.921 [warning] [Decorations] CAPPING events from decorations provider vscode.git 353
2024-05-24 16:39:14.965 [warning] [Decorations] CAPPING events from decorations provider vscode.git 353
2024-05-24 16:39:19.996 [warning] [Decorations] CAPPING events from decorations provider vscode.git 353
2024-05-24 16:39:25.034 [warning] [Decorations] CAPPING events from decorations provider vscode.git 353
2024-05-24 16:39:30.065 [warning] [Decorations] CAPPING events from decorations provider vscode.git 353
2024-05-24 16:39:35.099 [warning] [Decorations] CAPPING events from decorations provider vscode.git 353
2024-05-24 16:39:40.134 [warning] [Decorations] CAPPING events from decorations provider vscode.git 353
2024-05-24 16:39:45.174 [warning] [Decorations] CAPPING events from decorations provider vscode.git 353
2024-05-24 16:39:50.207 [warning] [Decorations] CAPPING events from decorations provider vscode.git 353
2024-05-24 16:39:55.240 [warning] [Decorations] CAPPING events from decorations provider vscode.git 353
2024-05-24 16:40:00.284 [warning] [Decorations] CAPPING events from decorations provider vscode.git 353
2024-05-24 16:40:05.323 [warning] [Decorations] CAPPING events from decorations provider vscode.git 355
2024-05-24 16:40:10.357 [warning] [Decorations] CAPPING events from decorations provider vscode.git 355
2024-05-24 16:40:15.391 [warning] [Decorations] CAPPING events from decorations provider vscode.git 355
2024-05-24 16:40:20.428 [warning] [Decorations] CAPPING events from decorations provider vscode.git 355
2024-05-24 16:40:25.462 [warning] [Decorations] CAPPING events from decorations provider vscode.git 355
2024-05-24 16:40:30.497 [warning] [Decorations] CAPPING events from decorations provider vscode.git 355
2024-05-24 16:40:35.531 [warning] [Decorations] CAPPING events from decorations provider vscode.git 355
2024-05-24 16:40:40.565 [warning] [Decorations] CAPPING events from decorations provider vscode.git 355
2024-05-24 16:40:45.597 [warning] [Decorations] CAPPING events from decorations provider vscode.git 355
2024-05-24 16:40:50.632 [warning] [Decorations] CAPPING events from decorations provider vscode.git 355
2024-05-24 16:40:55.664 [warning] [Decorations] CAPPING events from decorations provider vscode.git 355
2024-05-24 16:41:00.701 [warning] [Decorations] CAPPING events from decorations provider vscode.git 355
2024-05-24 16:41:05.754 [warning] [Decorations] CAPPING events from decorations provider vscode.git 355
2024-05-24 16:41:10.788 [warning] [Decorations] CAPPING events from decorations provider vscode.git 355
2024-05-24 16:41:15.821 [warning] [Decorations] CAPPING events from decorations provider vscode.git 355
2024-05-24 16:41:20.852 [warning] [Decorations] CAPPING events from decorations provider vscode.git 355
2024-05-24 16:41:25.886 [warning] [Decorations] CAPPING events from decorations provider vscode.git 355
2024-05-24 16:41:30.921 [warning] [Decorations] CAPPING events from decorations provider vscode.git 355
2024-05-24 16:41:35.955 [warning] [Decorations] CAPPING events from decorations provider vscode.git 355
2024-05-24 16:41:40.989 [warning] [Decorations] CAPPING events from decorations provider vscode.git 355
2024-05-24 16:41:46.020 [warning] [Decorations] CAPPING events from decorations provider vscode.git 355
2024-05-24 16:41:51.054 [warning] [Decorations] CAPPING events from decorations provider vscode.git 355
2024-05-24 16:41:56.089 [warning] [Decorations] CAPPING events from decorations provider vscode.git 355
2024-05-24 16:42:01.119 [warning] [Decorations] CAPPING events from decorations provider vscode.git 355
2024-05-24 16:42:06.150 [warning] [Decorations] CAPPING events from decorations provider vscode.git 355
2024-05-24 16:42:11.181 [warning] [Decorations] CAPPING events from decorations provider vscode.git 355
2024-05-24 16:42:16.216 [warning] [Decorations] CAPPING events from decorations provider vscode.git 355
2024-05-24 16:42:21.249 [warning] [Decorations] CAPPING events from decorations provider vscode.git 355
2024-05-24 16:42:26.290 [warning] [Decorations] CAPPING events from decorations provider vscode.git 355
2024-05-24 16:42:31.323 [warning] [Decorations] CAPPING events from decorations provider vscode.git 355
2024-05-24 16:42:36.356 [warning] [Decorations] CAPPING events from decorations provider vscode.git 355
2024-05-24 16:42:41.391 [warning] [Decorations] CAPPING events from decorations provider vscode.git 355
2024-05-24 16:42:46.428 [warning] [Decorations] CAPPING events from decorations provider vscode.git 355
2024-05-24 16:42:51.492 [warning] [Decorations] CAPPING events from decorations provider vscode.git 355
2024-05-24 16:42:56.526 [warning] [Decorations] CAPPING events from decorations provider vscode.git 355
2024-05-24 16:43:01.558 [warning] [Decorations] CAPPING events from decorations provider vscode.git 355
2024-05-24 16:43:06.597 [warning] [Decorations] CAPPING events from decorations provider vscode.git 355
2024-05-24 16:48:06.298 [warning] [Decorations] CAPPING events from decorations provider vscode.git 355
2024-05-24 16:48:11.330 [warning] [Decorations] CAPPING events from decorations provider vscode.git 355
2024-05-24 16:48:16.364 [warning] [Decorations] CAPPING events from decorations provider vscode.git 355
2024-05-24 16:48:21.399 [warning] [Decorations] CAPPING events from decorations provider vscode.git 355
2024-05-24 16:48:28.581 [warning] [Decorations] CAPPING events from decorations provider vscode.git 355
2024-05-24 16:48:36.164 [warning] [Decorations] CAPPING events from decorations provider vscode.git 356
2024-05-24 16:48:41.203 [warning] [Decorations] CAPPING events from decorations provider vscode.git 356
2024-05-24 16:48:46.237 [warning] [Decorations] CAPPING events from decorations provider vscode.git 356
2024-05-24 16:48:52.381 [warning] [Decorations] CAPPING events from decorations provider vscode.git 356
2024-05-24 16:48:57.421 [warning] [Decorations] CAPPING events from decorations provider vscode.git 356
2024-05-24 16:49:02.469 [warning] [Decorations] CAPPING events from decorations provider vscode.git 356
2024-05-24 16:49:07.512 [warning] [Decorations] CAPPING events from decorations provider vscode.git 356
2024-05-24 16:49:12.545 [warning] [Decorations] CAPPING events from decorations provider vscode.git 356
2024-05-24 16:49:17.581 [warning] [Decorations] CAPPING events from decorations provider vscode.git 356
2024-05-24 16:49:22.618 [warning] [Decorations] CAPPING events from decorations provider vscode.git 356
2024-05-24 16:49:32.435 [warning] [Decorations] CAPPING events from decorations provider vscode.git 357
2024-05-24 16:50:08.148 [warning] [Decorations] CAPPING events from decorations provider vscode.git 358
2024-05-24 16:50:27.943 [warning] [Decorations] CAPPING events from decorations provider vscode.git 359
2024-05-24 16:50:32.975 [warning] [Decorations] CAPPING events from decorations provider vscode.git 359
2024-05-24 16:50:38.020 [warning] [Decorations] CAPPING events from decorations provider vscode.git 359
2024-05-24 16:50:43.054 [warning] [Decorations] CAPPING events from decorations provider vscode.git 359
2024-05-24 16:50:48.091 [warning] [Decorations] CAPPING events from decorations provider vscode.git 359
2024-05-24 16:50:53.127 [warning] [Decorations] CAPPING events from decorations provider vscode.git 359
2024-05-24 16:52:33.242 [warning] [Decorations] CAPPING events from decorations provider vscode.git 359
2024-05-24 16:52:38.274 [warning] [Decorations] CAPPING events from decorations provider vscode.git 359
2024-05-24 16:52:43.320 [warning] [Decorations] CAPPING events from decorations provider vscode.git 360
2024-05-24 16:52:52.859 [warning] [Decorations] CAPPING events from decorations provider vscode.git 360
2024-05-24 16:52:57.894 [warning] [Decorations] CAPPING events from decorations provider vscode.git 360
2024-05-24 16:53:02.929 [warning] [Decorations] CAPPING events from decorations provider vscode.git 360
2024-05-24 16:53:07.965 [warning] [Decorations] CAPPING events from decorations provider vscode.git 360
2024-05-24 16:53:13.001 [warning] [Decorations] CAPPING events from decorations provider vscode.git 360
2024-05-24 16:53:18.036 [warning] [Decorations] CAPPING events from decorations provider vscode.git 360
2024-05-24 16:53:23.073 [warning] [Decorations] CAPPING events from decorations provider vscode.git 360
2024-05-24 16:53:28.108 [warning] [Decorations] CAPPING events from decorations provider vscode.git 360
2024-05-24 16:53:33.140 [warning] [Decorations] CAPPING events from decorations provider vscode.git 360
2024-05-24 16:53:38.182 [warning] [Decorations] CAPPING events from decorations provider vscode.git 360
2024-05-24 16:53:43.220 [warning] [Decorations] CAPPING events from decorations provider vscode.git 360
2024-05-24 16:53:48.253 [warning] [Decorations] CAPPING events from decorations provider vscode.git 360
2024-05-24 16:53:53.287 [warning] [Decorations] CAPPING events from decorations provider vscode.git 360
2024-05-24 16:53:58.318 [warning] [Decorations] CAPPING events from decorations provider vscode.git 360
2024-05-24 16:54:03.349 [warning] [Decorations] CAPPING events from decorations provider vscode.git 360
2024-05-24 16:54:08.380 [warning] [Decorations] CAPPING events from decorations provider vscode.git 360
2024-05-24 16:54:13.410 [warning] [Decorations] CAPPING events from decorations provider vscode.git 360
2024-05-24 16:54:18.447 [warning] [Decorations] CAPPING events from decorations provider vscode.git 360
2024-05-24 16:54:23.480 [warning] [Decorations] CAPPING events from decorations provider vscode.git 360
2024-05-24 16:54:28.517 [warning] [Decorations] CAPPING events from decorations provider vscode.git 360
2024-05-24 16:54:33.548 [warning] [Decorations] CAPPING events from decorations provider vscode.git 360
2024-05-24 16:54:38.578 [warning] [Decorations] CAPPING events from decorations provider vscode.git 360
2024-05-24 16:54:43.613 [warning] [Decorations] CAPPING events from decorations provider vscode.git 360
2024-05-24 16:54:48.655 [warning] [Decorations] CAPPING events from decorations provider vscode.git 360
2024-05-24 16:54:53.689 [warning] [Decorations] CAPPING events from decorations provider vscode.git 360
2024-05-24 16:54:58.718 [warning] [Decorations] CAPPING events from decorations provider vscode.git 360
2024-05-24 16:55:09.420 [warning] [Decorations] CAPPING events from decorations provider vscode.git 360
2024-05-24 16:55:14.465 [warning] [Decorations] CAPPING events from decorations provider vscode.git 360
2024-05-24 16:55:19.507 [warning] [Decorations] CAPPING events from decorations provider vscode.git 360
2024-05-24 16:55:24.547 [warning] [Decorations] CAPPING events from decorations provider vscode.git 360
2024-05-24 16:55:29.578 [warning] [Decorations] CAPPING events from decorations provider vscode.git 360
2024-05-24 16:55:34.609 [warning] [Decorations] CAPPING events from decorations provider vscode.git 360
2024-05-24 16:55:39.639 [warning] [Decorations] CAPPING events from decorations provider vscode.git 360
2024-05-24 16:55:44.674 [warning] [Decorations] CAPPING events from decorations provider vscode.git 360
2024-05-24 16:55:49.713 [warning] [Decorations] CAPPING events from decorations provider vscode.git 360
2024-05-24 16:55:54.747 [warning] [Decorations] CAPPING events from decorations provider vscode.git 360
2024-05-24 16:55:59.780 [warning] [Decorations] CAPPING events from decorations provider vscode.git 360
2024-05-24 16:56:04.808 [warning] [Decorations] CAPPING events from decorations provider vscode.git 360
2024-05-24 16:56:09.839 [warning] [Decorations] CAPPING events from decorations provider vscode.git 360
2024-05-24 16:56:14.870 [warning] [Decorations] CAPPING events from decorations provider vscode.git 360
2024-05-24 16:56:19.910 [warning] [Decorations] CAPPING events from decorations provider vscode.git 360
2024-05-24 16:56:24.950 [warning] [Decorations] CAPPING events from decorations provider vscode.git 360
2024-05-24 16:56:29.984 [warning] [Decorations] CAPPING events from decorations provider vscode.git 360
2024-05-24 16:56:35.016 [warning] [Decorations] CAPPING events from decorations provider vscode.git 360
2024-05-24 16:56:40.050 [warning] [Decorations] CAPPING events from decorations provider vscode.git 360
2024-05-24 16:56:45.082 [warning] [Decorations] CAPPING events from decorations provider vscode.git 360
2024-05-24 16:56:50.116 [warning] [Decorations] CAPPING events from decorations provider vscode.git 360
2024-05-24 16:56:55.146 [warning] [Decorations] CAPPING events from decorations provider vscode.git 360
2024-05-24 16:57:00.182 [warning] [Decorations] CAPPING events from decorations provider vscode.git 360
2024-05-24 16:57:05.219 [warning] [Decorations] CAPPING events from decorations provider vscode.git 360
2024-05-24 16:57:20.686 [warning] [Decorations] CAPPING events from decorations provider vscode.git 360
2024-05-24 16:57:44.114 [warning] [Decorations] CAPPING events from decorations provider vscode.git 360
2024-05-24 16:57:49.148 [warning] [Decorations] CAPPING events from decorations provider vscode.git 360
2024-05-24 16:57:54.180 [warning] [Decorations] CAPPING events from decorations provider vscode.git 360
2024-05-24 16:57:59.215 [warning] [Decorations] CAPPING events from decorations provider vscode.git 360
2024-05-24 16:58:04.251 [warning] [Decorations] CAPPING events from decorations provider vscode.git 360
2024-05-24 16:58:09.283 [warning] [Decorations] CAPPING events from decorations provider vscode.git 360
2024-05-24 16:58:14.315 [warning] [Decorations] CAPPING events from decorations provider vscode.git 360
2024-05-24 16:58:19.353 [warning] [Decorations] CAPPING events from decorations provider vscode.git 360
2024-05-24 16:58:24.384 [warning] [Decorations] CAPPING events from decorations provider vscode.git 360
2024-05-24 16:58:29.413 [warning] [Decorations] CAPPING events from decorations provider vscode.git 360
2024-05-24 16:58:34.453 [warning] [Decorations] CAPPING events from decorations provider vscode.git 360
2024-05-24 16:58:39.484 [warning] [Decorations] CAPPING events from decorations provider vscode.git 360
2024-05-24 16:58:44.516 [warning] [Decorations] CAPPING events from decorations provider vscode.git 361
2024-05-24 16:58:49.553 [warning] [Decorations] CAPPING events from decorations provider vscode.git 361
2024-05-24 16:58:54.593 [warning] [Decorations] CAPPING events from decorations provider vscode.git 361
2024-05-24 16:58:59.626 [warning] [Decorations] CAPPING events from decorations provider vscode.git 362
2024-05-24 16:59:04.658 [warning] [Decorations] CAPPING events from decorations provider vscode.git 362
2024-05-24 16:59:09.688 [warning] [Decorations] CAPPING events from decorations provider vscode.git 362
2024-05-24 16:59:14.719 [warning] [Decorations] CAPPING events from decorations provider vscode.git 362
2024-05-24 16:59:19.750 [warning] [Decorations] CAPPING events from decorations provider vscode.git 362
2024-05-24 16:59:24.782 [warning] [Decorations] CAPPING events from decorations provider vscode.git 362
2024-05-24 16:59:29.812 [warning] [Decorations] CAPPING events from decorations provider vscode.git 362
2024-05-24 16:59:34.853 [warning] [Decorations] CAPPING events from decorations provider vscode.git 362
2024-05-24 16:59:39.888 [warning] [Decorations] CAPPING events from decorations provider vscode.git 362
2024-05-24 16:59:44.925 [warning] [Decorations] CAPPING events from decorations provider vscode.git 362
2024-05-24 16:59:49.958 [warning] [Decorations] CAPPING events from decorations provider vscode.git 362
2024-05-24 16:59:54.995 [warning] [Decorations] CAPPING events from decorations provider vscode.git 363
2024-05-24 17:00:00.026 [warning] [Decorations] CAPPING events from decorations provider vscode.git 363
2024-05-24 17:00:05.058 [warning] [Decorations] CAPPING events from decorations provider vscode.git 363
2024-05-24 17:00:10.089 [warning] [Decorations] CAPPING events from decorations provider vscode.git 363
2024-05-24 17:00:15.135 [warning] [Decorations] CAPPING events from decorations provider vscode.git 363
2024-05-24 17:00:20.167 [warning] [Decorations] CAPPING events from decorations provider vscode.git 363
2024-05-24 17:00:25.201 [warning] [Decorations] CAPPING events from decorations provider vscode.git 363
2024-05-24 17:00:30.234 [warning] [Decorations] CAPPING events from decorations provider vscode.git 363
2024-05-24 17:00:35.268 [warning] [Decorations] CAPPING events from decorations provider vscode.git 363
2024-05-24 17:00:40.301 [warning] [Decorations] CAPPING events from decorations provider vscode.git 363
2024-05-24 17:00:45.338 [warning] [Decorations] CAPPING events from decorations provider vscode.git 363
2024-05-24 17:01:21.665 [warning] [Decorations] CAPPING events from decorations provider vscode.git 364
2024-05-24 17:01:26.697 [warning] [Decorations] CAPPING events from decorations provider vscode.git 365
2024-05-24 17:01:31.729 [warning] [Decorations] CAPPING events from decorations provider vscode.git 365
2024-05-24 17:01:54.069 [warning] [Decorations] CAPPING events from decorations provider vscode.git 366
2024-05-24 17:01:59.109 [warning] [Decorations] CAPPING events from decorations provider vscode.git 366
2024-05-24 17:02:04.144 [warning] [Decorations] CAPPING events from decorations provider vscode.git 366
2024-05-24 17:02:09.177 [warning] [Decorations] CAPPING events from decorations provider vscode.git 366
2024-05-24 17:02:14.206 [warning] [Decorations] CAPPING events from decorations provider vscode.git 366
2024-05-24 17:02:19.235 [warning] [Decorations] CAPPING events from decorations provider vscode.git 366
2024-05-24 17:02:24.266 [warning] [Decorations] CAPPING events from decorations provider vscode.git 366
2024-05-24 17:02:52.386 [warning] [Decorations] CAPPING events from decorations provider vscode.git 367
2024-05-24 17:02:57.414 [warning] [Decorations] CAPPING events from decorations provider vscode.git 367
2024-05-24 17:03:02.443 [warning] [Decorations] CAPPING events from decorations provider vscode.git 367
2024-05-24 17:06:50.990 [warning] [Decorations] CAPPING events from decorations provider vscode.git 368
2024-05-24 17:06:56.021 [warning] [Decorations] CAPPING events from decorations provider vscode.git 368
2024-05-24 17:07:01.048 [warning] [Decorations] CAPPING events from decorations provider vscode.git 368
2024-05-24 17:07:06.082 [warning] [Decorations] CAPPING events from decorations provider vscode.git 368
2024-05-24 17:07:11.113 [warning] [Decorations] CAPPING events from decorations provider vscode.git 369
2024-05-24 17:07:16.143 [warning] [Decorations] CAPPING events from decorations provider vscode.git 369
2024-05-24 17:07:21.186 [warning] [Decorations] CAPPING events from decorations provider vscode.git 369
2024-05-24 17:07:26.213 [warning] [Decorations] CAPPING events from decorations provider vscode.git 369
2024-05-24 17:07:31.247 [warning] [Decorations] CAPPING events from decorations provider vscode.git 369
2024-05-24 17:07:36.278 [warning] [Decorations] CAPPING events from decorations provider vscode.git 369
2024-05-24 17:07:41.305 [warning] [Decorations] CAPPING events from decorations provider vscode.git 369
2024-05-24 17:07:46.338 [warning] [Decorations] CAPPING events from decorations provider vscode.git 369
2024-05-24 17:07:51.370 [warning] [Decorations] CAPPING events from decorations provider vscode.git 370
2024-05-24 17:07:56.408 [warning] [Decorations] CAPPING events from decorations provider vscode.git 370
2024-05-24 17:08:01.452 [warning] [Decorations] CAPPING events from decorations provider vscode.git 370
2024-05-24 17:08:06.489 [warning] [Decorations] CAPPING events from decorations provider vscode.git 370
2024-05-24 17:08:11.533 [warning] [Decorations] CAPPING events from decorations provider vscode.git 370
2024-05-24 17:08:16.566 [warning] [Decorations] CAPPING events from decorations provider vscode.git 370
2024-05-24 17:08:21.602 [warning] [Decorations] CAPPING events from decorations provider vscode.git 371
2024-05-24 17:08:32.923 [warning] [Decorations] CAPPING events from decorations provider vscode.git 371
2024-05-24 17:08:37.959 [warning] [Decorations] CAPPING events from decorations provider vscode.git 372
2024-05-24 17:08:43.904 [warning] [Decorations] CAPPING events from decorations provider vscode.git 372
2024-05-24 17:08:55.229 [warning] [Decorations] CAPPING events from decorations provider vscode.git 372
2024-05-24 17:09:00.260 [warning] [Decorations] CAPPING events from decorations provider vscode.git 372
2024-05-24 17:11:57.139 [warning] [Decorations] CAPPING events from decorations provider vscode.git 372
2024-05-24 17:12:02.171 [warning] [Decorations] CAPPING events from decorations provider vscode.git 372
2024-05-24 17:12:07.202 [warning] [Decorations] CAPPING events from decorations provider vscode.git 372
2024-05-24 17:12:12.233 [warning] [Decorations] CAPPING events from decorations provider vscode.git 372
2024-05-24 17:12:17.265 [warning] [Decorations] CAPPING events from decorations provider vscode.git 372
2024-05-24 17:12:22.293 [warning] [Decorations] CAPPING events from decorations provider vscode.git 372
2024-05-24 17:12:27.323 [warning] [Decorations] CAPPING events from decorations provider vscode.git 372
2024-05-24 17:21:47.683 [warning] [Decorations] CAPPING events from decorations provider vscode.git 372
2024-05-24 17:21:52.724 [warning] [Decorations] CAPPING events from decorations provider vscode.git 372
2024-05-24 17:21:57.753 [warning] [Decorations] CAPPING events from decorations provider vscode.git 372
2024-05-24 17:22:02.788 [warning] [Decorations] CAPPING events from decorations provider vscode.git 372
2024-05-24 17:22:07.823 [warning] [Decorations] CAPPING events from decorations provider vscode.git 372
2024-05-24 17:22:12.853 [warning] [Decorations] CAPPING events from decorations provider vscode.git 372
2024-05-24 17:22:17.884 [warning] [Decorations] CAPPING events from decorations provider vscode.git 372
2024-05-24 17:22:22.922 [warning] [Decorations] CAPPING events from decorations provider vscode.git 372
2024-05-24 17:22:27.950 [warning] [Decorations] CAPPING events from decorations provider vscode.git 372
2024-05-24 17:22:32.986 [warning] [Decorations] CAPPING events from decorations provider vscode.git 372
2024-05-24 17:22:38.022 [warning] [Decorations] CAPPING events from decorations provider vscode.git 372
2024-05-24 17:22:43.056 [warning] [Decorations] CAPPING events from decorations provider vscode.git 372
2024-05-24 17:22:48.086 [warning] [Decorations] CAPPING events from decorations provider vscode.git 372
2024-05-24 17:22:53.116 [warning] [Decorations] CAPPING events from decorations provider vscode.git 372
2024-05-24 17:26:47.765 [warning] [Decorations] CAPPING events from decorations provider vscode.git 372
2024-05-24 17:26:52.800 [warning] [Decorations] CAPPING events from decorations provider vscode.git 372
2024-05-24 17:26:55.267 [warning] [Decorations] CAPPING events from decorations provider vscode.git 372
2024-05-24 17:26:57.832 [warning] [Decorations] CAPPING events from decorations provider vscode.git 372
2024-05-24 17:27:02.867 [warning] [Decorations] CAPPING events from decorations provider vscode.git 372
2024-05-24 17:27:07.898 [warning] [Decorations] CAPPING events from decorations provider vscode.git 372
2024-05-24 17:27:12.931 [warning] [Decorations] CAPPING events from decorations provider vscode.git 372
2024-05-24 17:27:17.973 [warning] [Decorations] CAPPING events from decorations provider vscode.git 372
