2024-05-23 16:16:20.278 [info] ログ レベル: Info
2024-05-23 16:16:20.278 [info] Git の検証が検出されました: "git"
2024-05-23 16:16:20.278 [info] "git" から Git "2.34.1" を使用しています
2024-05-23 16:16:20.278 [info] > git rev-parse --show-toplevel [3ms]
2024-05-23 16:16:20.278 [info] > git rev-parse --git-dir --git-common-dir [1ms]
2024-05-23 16:16:20.278 [info] Open repository: /home/kimura
2024-05-23 16:16:20.278 [info] > git config --get commit.template [17ms]
2024-05-23 16:16:20.278 [info] > git rev-parse --show-toplevel [4ms]
2024-05-23 16:16:20.278 [info] > git rev-parse --show-toplevel [12ms]
2024-05-23 16:16:20.278 [info] > git for-each-ref --format=%(refname)%00%(upstream:short)%00%(objectname)%00%(upstream:track)%00%(upstream:remotename)%00%(upstream:remoteref) refs/heads/main refs/remotes/main [21ms]
2024-05-23 16:16:20.278 [info] > git rev-parse --show-toplevel [2ms]
2024-05-23 16:16:20.305 [info] > git rev-parse --show-toplevel [17ms]
2024-05-23 16:16:20.323 [info] > git rev-parse --show-toplevel [2ms]
2024-05-23 16:16:20.333 [info] > git status -z -uall [31ms]
2024-05-23 16:16:20.366 [info] > git merge-base refs/heads/main refs/remotes/laravel/main [21ms]
2024-05-23 16:16:20.374 [info] > git rev-parse --show-toplevel [42ms]
2024-05-23 16:16:20.386 [info] > git config --get commit.template [20ms]
2024-05-23 16:16:20.388 [info] > git rev-parse --show-toplevel [8ms]
2024-05-23 16:16:20.389 [info] > git rev-list --count --left-right refs/heads/main...refs/remotes/laravel/main [15ms]
2024-05-23 16:16:20.412 [info] > git for-each-ref --format=%(refname)%00%(upstream:short)%00%(objectname)%00%(upstream:track)%00%(upstream:remotename)%00%(upstream:remoteref) refs/heads/main refs/remotes/main [8ms]
2024-05-23 16:16:20.412 [info] > git diff --name-status -z --diff-filter=ADMR eec30d29f4161515ac5149d3a4b8fb4470ef1ef1...refs/remotes/laravel/main [17ms]
2024-05-23 16:16:20.414 [info] > git rev-parse --show-toplevel [3ms]
2024-05-23 16:16:20.452 [info] > git status -z -uall [23ms]
2024-05-23 16:16:20.782 [info] > git check-ignore -v -z --stdin [3ms]
2024-05-23 16:16:20.866 [info] > git show --textconv :test-project/resources/views/auth/login.blade.php [4ms]
2024-05-23 16:16:20.867 [info] > git ls-files --stage -- /home/kimura/test-project/resources/views/auth/login.blade.php [1ms]
2024-05-23 16:16:20.873 [info] > git cat-file -s 78b684f7d1d6c4a09434933dac3ef3ae652d85f3 [1ms]
2024-05-23 16:16:24.191 [info] > git config --get commit.template [5ms]
2024-05-23 16:16:24.191 [info] > git for-each-ref --format=%(refname)%00%(upstream:short)%00%(objectname)%00%(upstream:track)%00%(upstream:remotename)%00%(upstream:remoteref) refs/heads/main refs/remotes/main [1ms]
2024-05-23 16:16:24.209 [info] > git status -z -uall [10ms]
2024-05-23 16:16:27.249 [info] > git check-ignore -v -z --stdin [2ms]
2024-05-23 16:16:29.223 [info] > git config --get commit.template [6ms]
2024-05-23 16:16:29.223 [info] > git for-each-ref --format=%(refname)%00%(upstream:short)%00%(objectname)%00%(upstream:track)%00%(upstream:remotename)%00%(upstream:remoteref) refs/heads/main refs/remotes/main [1ms]
2024-05-23 16:16:29.239 [info] > git status -z -uall [8ms]
2024-05-23 16:16:32.635 [info] > git check-ignore -v -z --stdin [2ms]
2024-05-23 16:16:34.131 [info] > git check-ignore -v -z --stdin [2ms]
2024-05-23 16:16:34.255 [info] > git config --get commit.template [6ms]
2024-05-23 16:16:34.255 [info] > git for-each-ref --format=%(refname)%00%(upstream:short)%00%(objectname)%00%(upstream:track)%00%(upstream:remotename)%00%(upstream:remoteref) refs/heads/main refs/remotes/main [2ms]
2024-05-23 16:16:34.273 [info] > git status -z -uall [13ms]
2024-05-23 16:16:39.288 [info] > git config --get commit.template [4ms]
2024-05-23 16:16:39.289 [info] > git for-each-ref --format=%(refname)%00%(upstream:short)%00%(objectname)%00%(upstream:track)%00%(upstream:remotename)%00%(upstream:remoteref) refs/heads/main refs/remotes/main [1ms]
2024-05-23 16:16:39.303 [info] > git status -z -uall [7ms]
2024-05-23 16:16:41.959 [info] > git check-ignore -v -z --stdin [2ms]
2024-05-23 16:16:44.312 [info] > git config --get commit.template [1ms]
2024-05-23 16:16:44.319 [info] > git for-each-ref --format=%(refname)%00%(upstream:short)%00%(objectname)%00%(upstream:track)%00%(upstream:remotename)%00%(upstream:remoteref) refs/heads/main refs/remotes/main [1ms]
2024-05-23 16:16:44.331 [info] > git status -z -uall [7ms]
2024-05-23 16:16:45.075 [info] > git check-ignore -v -z --stdin [1ms]
2024-05-23 16:17:18.775 [info] > git config --get commit.template [10ms]
2024-05-23 16:17:18.776 [info] > git for-each-ref --format=%(refname)%00%(upstream:short)%00%(objectname)%00%(upstream:track)%00%(upstream:remotename)%00%(upstream:remoteref) refs/heads/main refs/remotes/main [3ms]
2024-05-23 16:17:18.794 [info] > git status -z -uall [11ms]
2024-05-23 16:17:20.653 [info] > git for-each-ref --sort -committerdate --format %(refname) %(objectname) %(*objectname) [2ms]
2024-05-23 16:17:21.114 [info] > git for-each-ref --sort -committerdate --format %(refname) %(objectname) %(*objectname) [2ms]
2024-05-23 16:17:23.804 [info] > git config --get commit.template [1ms]
2024-05-23 16:17:23.809 [info] > git for-each-ref --format=%(refname)%00%(upstream:short)%00%(objectname)%00%(upstream:track)%00%(upstream:remotename)%00%(upstream:remoteref) refs/heads/main refs/remotes/main [1ms]
2024-05-23 16:17:23.822 [info] > git status -z -uall [8ms]
2024-05-23 16:17:25.607 [info] > git checkout -q -b kimura --no-track HEAD [13ms]
2024-05-23 16:17:25.619 [info] > git config --get commit.template [7ms]
2024-05-23 16:17:25.619 [info] > git for-each-ref --format=%(refname)%00%(upstream:short)%00%(objectname)%00%(upstream:track)%00%(upstream:remotename)%00%(upstream:remoteref) refs/heads/kimura refs/remotes/kimura [0ms]
2024-05-23 16:17:25.633 [info] > git status -z -uall [8ms]
2024-05-23 16:17:26.847 [info] > git ls-files --stage -- /home/kimura/test-project/resources/views/auth/login.blade.php [2ms]
2024-05-23 16:17:26.851 [info] > git cat-file -s 78b684f7d1d6c4a09434933dac3ef3ae652d85f3 [1ms]
2024-05-23 16:17:26.860 [info] > git show --textconv :test-project/resources/views/auth/login.blade.php [2ms]
2024-05-23 16:17:35.828 [info] > git config --get commit.template [2ms]
2024-05-23 16:17:35.840 [info] > git for-each-ref --format=%(refname)%00%(upstream:short)%00%(objectname)%00%(upstream:track)%00%(upstream:remotename)%00%(upstream:remoteref) refs/heads/kimura refs/remotes/kimura [1ms]
2024-05-23 16:17:35.865 [info] > git status -z -uall [14ms]
2024-05-23 16:17:37.317 [info] > git for-each-ref --format=%(refname)%00%(upstream:short)%00%(objectname)%00%(upstream:track)%00%(upstream:remotename)%00%(upstream:remoteref) refs/heads/kimura [1ms]
2024-05-23 16:17:37.321 [info] > git for-each-ref --format=%(refname)%00%(upstream:short)%00%(objectname)%00%(upstream:track)%00%(upstream:remotename)%00%(upstream:remoteref) refs/heads/kimura [1ms]
2024-05-23 16:17:37.328 [info] > git config --local branch.kimura.vscode-merge-base [1ms]
2024-05-23 16:17:37.328 [warning] git config failed: Failed to execute git
2024-05-23 16:17:37.337 [info] > git reflog refs/heads/kimura --grep-reflog=branch: Created from *. [2ms]
2024-05-23 16:17:37.343 [info] > git reflog HEAD --grep-reflog=checkout: moving from .* to kimura [2ms]
2024-05-23 16:17:37.355 [info] > git for-each-ref --format=%(refname)%00%(upstream:short)%00%(objectname)%00%(upstream:track)%00%(upstream:remotename)%00%(upstream:remoteref) refs/heads/main refs/remotes/main [1ms]
2024-05-23 16:17:37.368 [info] > git for-each-ref --format=%(refname)%00%(upstream:short)%00%(objectname)%00%(upstream:track)%00%(upstream:remotename)%00%(upstream:remoteref) refs/remotes/laravel/main [1ms]
2024-05-23 16:17:37.381 [info] > git config --local branch.kimura.vscode-merge-base laravel/main [1ms]
2024-05-23 16:17:37.393 [info] > git config --get commit.template [8ms]
2024-05-23 16:17:37.393 [info] > git for-each-ref --format=%(refname)%00%(upstream:short)%00%(objectname)%00%(upstream:track)%00%(upstream:remotename)%00%(upstream:remoteref) refs/heads/kimura refs/remotes/kimura [1ms]
2024-05-23 16:17:37.409 [info] > git status -z -uall [8ms]
2024-05-23 16:17:37.420 [info] > git merge-base refs/heads/kimura refs/remotes/laravel/main [1ms]
2024-05-23 16:17:37.426 [info] > git rev-list --count --left-right refs/heads/kimura...refs/remotes/laravel/main [2ms]
2024-05-23 16:17:38.069 [info] > git check-ignore -v -z --stdin [2ms]
2024-05-23 16:17:38.678 [info] > git ls-files --stage -- /home/kimura/test-project/resources/views/auth/login.blade.php [1ms]
2024-05-23 16:17:38.682 [info] > git cat-file -s 78b684f7d1d6c4a09434933dac3ef3ae652d85f3 [1ms]
2024-05-23 16:17:38.690 [info] > git show --textconv :test-project/resources/views/auth/login.blade.php [1ms]
2024-05-23 16:17:40.876 [info] > git config --get commit.template [1ms]
2024-05-23 16:17:40.882 [info] > git for-each-ref --format=%(refname)%00%(upstream:short)%00%(objectname)%00%(upstream:track)%00%(upstream:remotename)%00%(upstream:remoteref) refs/heads/kimura refs/remotes/kimura [0ms]
2024-05-23 16:17:40.895 [info] > git status -z -uall [8ms]
2024-05-23 16:17:48.601 [info] > git for-each-ref --format=%(refname)%00%(upstream:short)%00%(objectname)%00%(upstream:track)%00%(upstream:remotename)%00%(upstream:remoteref) refs/heads/kimura refs/remotes/kimura [2ms]
2024-05-23 16:17:48.602 [info] > git config --get commit.template [8ms]
2024-05-23 16:17:48.619 [info] > git status -z -uall [11ms]
