2024-05-24 10:03:40.399 [info] ログ レベル: Info
2024-05-24 10:03:40.399 [info] Git の検証が検出されました: "git"
2024-05-24 10:03:40.399 [info] "git" から Git "2.34.1" を使用しています
2024-05-24 10:03:40.399 [info] > git rev-parse --show-toplevel [12ms]
2024-05-24 10:03:40.399 [info] > git rev-parse --git-dir --git-common-dir [8ms]
2024-05-24 10:03:40.399 [info] Open repository: /home/kimura
2024-05-24 10:03:40.399 [info] > git rev-parse --show-toplevel [22ms]
2024-05-24 10:03:40.399 [info] > git config --get commit.template [66ms]
2024-05-24 10:03:40.445 [info] > git rev-parse --show-toplevel [21ms]
2024-05-24 10:03:40.447 [info] > git for-each-ref --format=%(refname)%00%(upstream:short)%00%(objectname)%00%(upstream:track)%00%(upstream:remotename)%00%(upstream:remoteref) refs/heads/kimura refs/remotes/kimura [7ms]
2024-05-24 10:03:40.469 [info] > git rev-parse --show-toplevel [10ms]
2024-05-24 10:03:40.520 [info] > git rev-parse --show-toplevel [34ms]
2024-05-24 10:03:40.531 [info] > git rev-parse --show-toplevel [2ms]
2024-05-24 10:03:40.541 [info] > git status -z -uall [26ms]
2024-05-24 10:03:40.541 [info] > git rev-parse --show-toplevel [3ms]
2024-05-24 10:03:40.591 [info] > git merge-base refs/heads/kimura refs/remotes/laravel/kimura [37ms]
2024-05-24 10:03:40.627 [info] > git config --get commit.template [37ms]
2024-05-24 10:03:40.628 [info] > git rev-parse --show-toplevel [48ms]
2024-05-24 10:03:41.037 [info] > git for-each-ref --format=%(refname)%00%(upstream:short)%00%(objectname)%00%(upstream:track)%00%(upstream:remotename)%00%(upstream:remoteref) refs/heads/kimura refs/remotes/kimura [376ms]
2024-05-24 10:03:41.039 [info] > git rev-parse --show-toplevel [391ms]
2024-05-24 10:03:41.040 [info] > git rev-list --count --left-right refs/heads/kimura...refs/remotes/laravel/kimura [417ms]
2024-05-24 10:03:41.213 [info] > git check-ignore -v -z --stdin [51ms]
2024-05-24 10:03:41.219 [info] > git diff --name-status -z --diff-filter=ADMR b16e0d6050edc2d888027d31c8928f3b3c2d4567...refs/remotes/laravel/kimura [140ms]
2024-05-24 10:03:41.235 [info] > git rev-parse --show-toplevel [36ms]
2024-05-24 10:03:41.311 [info] > git rev-parse --show-toplevel [38ms]
2024-05-24 10:03:41.343 [info] > git rev-parse --show-toplevel [3ms]
2024-05-24 10:03:41.416 [info] > git status -z -uall [108ms]
2024-05-24 10:06:26.889 [info] > git config --get commit.template [3ms]
2024-05-24 10:06:26.900 [info] > git for-each-ref --format=%(refname)%00%(upstream:short)%00%(objectname)%00%(upstream:track)%00%(upstream:remotename)%00%(upstream:remoteref) refs/heads/kimura refs/remotes/kimura [2ms]
2024-05-24 10:06:26.925 [info] > git status -z -uall [17ms]
2024-05-24 10:06:53.170 [info] > git config --get commit.template [16ms]
2024-05-24 10:06:53.171 [info] > git for-each-ref --format=%(refname)%00%(upstream:short)%00%(objectname)%00%(upstream:track)%00%(upstream:remotename)%00%(upstream:remoteref) refs/heads/kimura refs/remotes/kimura [3ms]
2024-05-24 10:06:53.198 [info] > git status -z -uall [16ms]
2024-05-24 10:06:58.219 [info] > git config --get commit.template [7ms]
2024-05-24 10:06:58.219 [info] > git for-each-ref --format=%(refname)%00%(upstream:short)%00%(objectname)%00%(upstream:track)%00%(upstream:remotename)%00%(upstream:remoteref) refs/heads/kimura refs/remotes/kimura [1ms]
2024-05-24 10:06:58.244 [info] > git status -z -uall [18ms]
2024-05-24 10:07:03.260 [info] > git config --get commit.template [1ms]
2024-05-24 10:07:03.269 [info] > git for-each-ref --format=%(refname)%00%(upstream:short)%00%(objectname)%00%(upstream:track)%00%(upstream:remotename)%00%(upstream:remoteref) refs/heads/kimura refs/remotes/kimura [2ms]
2024-05-24 10:07:03.295 [info] > git status -z -uall [18ms]
2024-05-24 10:07:52.003 [info] > git merge-base refs/heads/kimura refs/remotes/laravel/kimura [2ms]
2024-05-24 10:07:52.016 [info] > git rev-list --count --left-right refs/heads/kimura...refs/remotes/laravel/kimura [2ms]
2024-05-24 10:07:52.848 [info] > git check-ignore -v -z --stdin [3ms]
