2024-05-22 13:56:57.084 [info] ログ レベル: Info
2024-05-22 13:56:57.084 [info] Git の検証が検出されました: "git"
2024-05-22 13:56:57.084 [info] "git" から Git "2.34.1" を使用しています
2024-05-22 13:56:57.084 [info] > git rev-parse --show-toplevel [3ms]
2024-05-22 13:56:57.084 [info] fatal: not a git repository (or any of the parent directories): .git
2024-05-22 13:56:57.084 [info] > git rev-parse --show-toplevel [1ms]
2024-05-22 13:56:57.084 [info] fatal: not a git repository (or any of the parent directories): .git
2024-05-22 13:56:57.084 [info] > git rev-parse --show-toplevel [1ms]
2024-05-22 13:56:57.084 [info] fatal: not a git repository (or any of the parent directories): .git
2024-05-22 13:56:57.090 [info] > git rev-parse --show-toplevel [1ms]
2024-05-22 13:56:57.090 [info] fatal: not a git repository (or any of the parent directories): .git
2024-05-22 13:56:57.095 [info] > git rev-parse --show-toplevel [1ms]
2024-05-22 13:56:57.095 [info] fatal: not a git repository (or any of the parent directories): .git
2024-05-22 13:56:57.102 [info] > git rev-parse --show-toplevel [2ms]
2024-05-22 13:56:57.102 [info] fatal: not a git repository (or any of the parent directories): .git
2024-05-22 13:56:57.117 [info] > git rev-parse --show-toplevel [7ms]
2024-05-22 13:56:57.117 [info] fatal: not a git repository (or any of the parent directories): .git
2024-05-22 13:56:57.126 [info] > git rev-parse --show-toplevel [1ms]
2024-05-22 13:56:57.126 [info] fatal: not a git repository (or any of the parent directories): .git
2024-05-22 13:56:57.333 [info] > git rev-parse --show-toplevel [0ms]
2024-05-22 13:56:57.333 [info] fatal: not a git repository (or any of the parent directories): .git
2024-05-22 13:56:57.543 [info] > git rev-parse --show-toplevel [0ms]
2024-05-22 13:56:57.543 [info] fatal: not a git repository (or any of the parent directories): .git
