2024-05-23 13:32:20.879 [info] Extension host with pid 1644 started
2024-05-23 13:32:20.899 [info] Lock '/home/kimura/.vscode-server/data/User/workspaceStorage/b576e8015bd81410730af1b50aa655b8/vscode.lock': Lock acquired.
2024-05-23 13:32:21.013 [info] ExtensionService#_doActivateExtension vscode.emmet, startup: false, activationEvent: 'onLanguage'
2024-05-23 13:32:21.014 [info] ExtensionService#_doActivateExtension vscode.php-language-features, startup: false, activationEvent: 'onLanguage:php'
2024-05-23 13:32:21.259 [info] ExtensionService#_doActivateExtension vscode.git-base, startup: true, activationEvent: '*', root cause: vscode.git
2024-05-23 13:32:21.381 [info] ExtensionService#_doActivateExtension vscode.git, startup: true, activationEvent: '*'
2024-05-23 13:32:21.382 [info] ExtensionService#_doActivateExtension vscode.github, startup: true, activationEvent: '*'
2024-05-23 13:32:21.900 [info] ExtensionService#_doActivateExtension vscode.tunnel-forwarding, startup: false, activationEvent: 'onTunnel'
2024-05-23 13:32:21.929 [info] Eager extensions activated
2024-05-23 13:32:21.929 [info] ExtensionService#_doActivateExtension vscode.debug-auto-launch, startup: false, activationEvent: 'onStartupFinished'
2024-05-23 13:32:21.930 [info] ExtensionService#_doActivateExtension vscode.merge-conflict, startup: false, activationEvent: 'onStartupFinished'
2024-05-23 13:32:29.719 [warning] [Decorations] CAPPING events from decorations provider vscode.git 1517
2024-05-23 13:32:30.030 [warning] [Decorations] CAPPING events from decorations provider vscode.git 1517
2024-05-23 13:32:32.065 [warning] [Decorations] CAPPING events from decorations provider vscode.git 1517
2024-05-23 13:32:37.102 [warning] [Decorations] CAPPING events from decorations provider vscode.git 1517
2024-05-23 13:32:42.080 [warning] [Decorations] CAPPING events from decorations provider vscode.git 1517
2024-05-23 13:32:42.143 [warning] [Decorations] CAPPING events from decorations provider vscode.git 1517
2024-05-23 13:32:47.182 [warning] [Decorations] CAPPING events from decorations provider vscode.git 1517
2024-05-23 13:32:52.227 [warning] [Decorations] CAPPING events from decorations provider vscode.git 1517
2024-05-23 13:32:57.282 [warning] [Decorations] CAPPING events from decorations provider vscode.git 1517
2024-05-23 13:33:02.323 [warning] [Decorations] CAPPING events from decorations provider vscode.git 1517
2024-05-23 13:33:07.383 [warning] [Decorations] CAPPING events from decorations provider vscode.git 1517
2024-05-23 13:33:12.436 [warning] [Decorations] CAPPING events from decorations provider vscode.git 1517
2024-05-23 13:33:17.474 [warning] [Decorations] CAPPING events from decorations provider vscode.git 1517
2024-05-23 13:33:22.513 [warning] [Decorations] CAPPING events from decorations provider vscode.git 1517
2024-05-23 13:33:27.557 [warning] [Decorations] CAPPING events from decorations provider vscode.git 1517
2024-05-23 13:33:32.595 [warning] [Decorations] CAPPING events from decorations provider vscode.git 1517
2024-05-23 13:33:37.632 [warning] [Decorations] CAPPING events from decorations provider vscode.git 1517
2024-05-23 13:33:42.665 [warning] [Decorations] CAPPING events from decorations provider vscode.git 1517
2024-05-23 13:33:47.706 [warning] [Decorations] CAPPING events from decorations provider vscode.git 1517
2024-05-23 13:33:52.743 [warning] [Decorations] CAPPING events from decorations provider vscode.git 1517
2024-05-23 13:33:57.785 [warning] [Decorations] CAPPING events from decorations provider vscode.git 1517
2024-05-23 13:34:02.824 [warning] [Decorations] CAPPING events from decorations provider vscode.git 1517
2024-05-23 13:34:07.871 [warning] [Decorations] CAPPING events from decorations provider vscode.git 1517
2024-05-23 13:34:12.907 [warning] [Decorations] CAPPING events from decorations provider vscode.git 1517
2024-05-23 13:34:17.944 [warning] [Decorations] CAPPING events from decorations provider vscode.git 1517
2024-05-23 13:34:22.979 [warning] [Decorations] CAPPING events from decorations provider vscode.git 1517
2024-05-23 13:34:28.018 [warning] [Decorations] CAPPING events from decorations provider vscode.git 1517
2024-05-23 13:34:33.060 [warning] [Decorations] CAPPING events from decorations provider vscode.git 1517
2024-05-23 13:34:38.093 [warning] [Decorations] CAPPING events from decorations provider vscode.git 1517
2024-05-23 13:34:43.128 [warning] [Decorations] CAPPING events from decorations provider vscode.git 1517
2024-05-23 13:34:48.166 [warning] [Decorations] CAPPING events from decorations provider vscode.git 1517
2024-05-23 13:34:53.202 [warning] [Decorations] CAPPING events from decorations provider vscode.git 1517
2024-05-23 13:34:58.243 [warning] [Decorations] CAPPING events from decorations provider vscode.git 1517
2024-05-23 13:35:03.276 [warning] [Decorations] CAPPING events from decorations provider vscode.git 1517
2024-05-23 13:35:08.319 [warning] [Decorations] CAPPING events from decorations provider vscode.git 1517
2024-05-23 13:35:13.359 [warning] [Decorations] CAPPING events from decorations provider vscode.git 1517
2024-05-23 13:35:18.392 [warning] [Decorations] CAPPING events from decorations provider vscode.git 1517
2024-05-23 13:35:23.426 [warning] [Decorations] CAPPING events from decorations provider vscode.git 1517
2024-05-23 13:35:28.462 [warning] [Decorations] CAPPING events from decorations provider vscode.git 1517
2024-05-23 13:35:33.496 [warning] [Decorations] CAPPING events from decorations provider vscode.git 1517
2024-05-23 13:35:38.537 [warning] [Decorations] CAPPING events from decorations provider vscode.git 1517
2024-05-23 13:35:43.573 [warning] [Decorations] CAPPING events from decorations provider vscode.git 1517
2024-05-23 13:35:48.611 [warning] [Decorations] CAPPING events from decorations provider vscode.git 1517
2024-05-23 13:35:53.648 [warning] [Decorations] CAPPING events from decorations provider vscode.git 1517
2024-05-23 13:35:58.683 [warning] [Decorations] CAPPING events from decorations provider vscode.git 1517
2024-05-23 13:36:03.719 [warning] [Decorations] CAPPING events from decorations provider vscode.git 1517
2024-05-23 13:36:08.759 [warning] [Decorations] CAPPING events from decorations provider vscode.git 1517
2024-05-23 13:36:13.793 [warning] [Decorations] CAPPING events from decorations provider vscode.git 1517
2024-05-23 13:36:18.828 [warning] [Decorations] CAPPING events from decorations provider vscode.git 1517
2024-05-23 13:36:23.863 [warning] [Decorations] CAPPING events from decorations provider vscode.git 1517
2024-05-23 13:36:26.310 [warning] [Decorations] CAPPING events from decorations provider vscode.git 1517
2024-05-23 13:36:35.193 [warning] [Decorations] CAPPING events from decorations provider vscode.git 1517
2024-05-23 13:36:36.925 [warning] [Decorations] CAPPING events from decorations provider vscode.git 1517
2024-05-23 13:36:40.229 [warning] [Decorations] CAPPING events from decorations provider vscode.git 1517
2024-05-23 13:36:45.272 [warning] [Decorations] CAPPING events from decorations provider vscode.git 1517
2024-05-23 13:36:50.311 [warning] [Decorations] CAPPING events from decorations provider vscode.git 1517
2024-05-23 13:36:55.360 [warning] [Decorations] CAPPING events from decorations provider vscode.git 1517
2024-05-23 13:36:58.295 [warning] [Decorations] CAPPING events from decorations provider vscode.git 1517
2024-05-23 13:37:06.544 [warning] [Decorations] CAPPING events from decorations provider vscode.git 1517
2024-05-23 13:37:13.145 [warning] [Decorations] CAPPING events from decorations provider vscode.git 1517
2024-05-23 13:39:39.861 [warning] [Decorations] CAPPING events from decorations provider vscode.git 1517
2024-05-23 13:39:44.910 [warning] [Decorations] CAPPING events from decorations provider vscode.git 1517
2024-05-23 13:40:08.088 [warning] [Decorations] CAPPING events from decorations provider vscode.git 1517
2024-05-23 13:40:13.133 [warning] [Decorations] CAPPING events from decorations provider vscode.git 1517
2024-05-23 13:40:18.168 [warning] [Decorations] CAPPING events from decorations provider vscode.git 1517
2024-05-23 13:40:23.199 [warning] [Decorations] CAPPING events from decorations provider vscode.git 1517
2024-05-23 13:40:28.236 [warning] [Decorations] CAPPING events from decorations provider vscode.git 1517
2024-05-23 13:40:33.267 [warning] [Decorations] CAPPING events from decorations provider vscode.git 1517
2024-05-23 13:40:33.717 [warning] [Decorations] CAPPING events from decorations provider vscode.git 1517
2024-05-23 13:40:38.305 [warning] [Decorations] CAPPING events from decorations provider vscode.git 1517
2024-05-23 13:40:41.311 [warning] [Decorations] CAPPING events from decorations provider vscode.git 1517
2024-05-23 13:40:43.479 [warning] [Decorations] CAPPING events from decorations provider vscode.git 1517
2024-05-23 13:40:43.534 [warning] [Decorations] CAPPING events from decorations provider vscode.git 1517
2024-05-23 13:57:00.637 [warning] [Decorations] CAPPING events from decorations provider vscode.git 1517
2024-05-23 13:57:00.697 [warning] [Decorations] CAPPING events from decorations provider vscode.git 1517
2024-05-23 13:57:05.734 [warning] [Decorations] CAPPING events from decorations provider vscode.git 1517
2024-05-23 13:57:10.770 [warning] [Decorations] CAPPING events from decorations provider vscode.git 1517
2024-05-23 13:57:15.810 [warning] [Decorations] CAPPING events from decorations provider vscode.git 1517
2024-05-23 13:57:17.427 [warning] [Decorations] CAPPING events from decorations provider vscode.git 1517
2024-05-23 13:57:34.364 [warning] [Decorations] CAPPING events from decorations provider vscode.git 1517
2024-05-23 13:57:39.403 [warning] [Decorations] CAPPING events from decorations provider vscode.git 1517
2024-05-23 13:57:52.332 [warning] [Decorations] CAPPING events from decorations provider vscode.git 1517
2024-05-23 13:57:57.375 [warning] [Decorations] CAPPING events from decorations provider vscode.git 1517
2024-05-23 13:58:02.415 [warning] [Decorations] CAPPING events from decorations provider vscode.git 1517
2024-05-23 14:00:15.730 [warning] [Decorations] CAPPING events from decorations provider vscode.git 1517
2024-05-23 14:00:20.787 [warning] [Decorations] CAPPING events from decorations provider vscode.git 1517
2024-05-23 14:00:25.823 [warning] [Decorations] CAPPING events from decorations provider vscode.git 1517
2024-05-23 14:00:44.291 [warning] [Decorations] CAPPING events from decorations provider vscode.git 1517
2024-05-23 14:00:44.546 [warning] [Decorations] CAPPING events from decorations provider vscode.git 1517
2024-05-23 14:00:52.511 [warning] [Decorations] CAPPING events from decorations provider vscode.git 1517
2024-05-23 14:00:57.551 [warning] [Decorations] CAPPING events from decorations provider vscode.git 1517
2024-05-23 14:01:02.594 [warning] [Decorations] CAPPING events from decorations provider vscode.git 1517
2024-05-23 14:01:07.639 [warning] [Decorations] CAPPING events from decorations provider vscode.git 1517
2024-05-23 14:02:08.435 [warning] [Decorations] CAPPING events from decorations provider vscode.git 1517
2024-05-23 14:02:13.476 [warning] [Decorations] CAPPING events from decorations provider vscode.git 1517
2024-05-23 14:02:18.515 [warning] [Decorations] CAPPING events from decorations provider vscode.git 1517
2024-05-23 14:02:23.553 [warning] [Decorations] CAPPING events from decorations provider vscode.git 1517
2024-05-23 14:02:25.102 [info] ExtensionService#_doActivateExtension vscode.npm, startup: false, activationEvent: 'onTerminalQuickFixRequest:ms-vscode.npm-command'
2024-05-23 14:02:28.594 [warning] [Decorations] CAPPING events from decorations provider vscode.git 1517
2024-05-23 14:02:33.635 [warning] [Decorations] CAPPING events from decorations provider vscode.git 1517
2024-05-23 14:02:38.684 [warning] [Decorations] CAPPING events from decorations provider vscode.git 1517
2024-05-23 14:02:43.724 [warning] [Decorations] CAPPING events from decorations provider vscode.git 1517
2024-05-23 14:02:48.775 [warning] [Decorations] CAPPING events from decorations provider vscode.git 1517
2024-05-23 14:02:53.810 [warning] [Decorations] CAPPING events from decorations provider vscode.git 1517
2024-05-23 14:02:58.849 [warning] [Decorations] CAPPING events from decorations provider vscode.git 1517
2024-05-23 14:03:03.888 [warning] [Decorations] CAPPING events from decorations provider vscode.git 1517
2024-05-23 14:03:08.922 [warning] [Decorations] CAPPING events from decorations provider vscode.git 1517
2024-05-23 14:03:23.813 [warning] [Decorations] CAPPING events from decorations provider vscode.git 1517
2024-05-23 14:03:28.858 [warning] [Decorations] CAPPING events from decorations provider vscode.git 1517
2024-05-23 14:03:33.890 [warning] [Decorations] CAPPING events from decorations provider vscode.git 1517
2024-05-23 14:03:50.905 [warning] [Decorations] CAPPING events from decorations provider vscode.git 1517
2024-05-23 14:03:55.951 [warning] [Decorations] CAPPING events from decorations provider vscode.git 1517
2024-05-23 14:04:00.986 [warning] [Decorations] CAPPING events from decorations provider vscode.git 1517
2024-05-23 14:04:04.837 [warning] [Decorations] CAPPING events from decorations provider vscode.git 1517
2024-05-23 14:04:09.189 [warning] [Decorations] CAPPING events from decorations provider vscode.git 1517
2024-05-23 14:04:14.405 [warning] [Decorations] CAPPING events from decorations provider vscode.git 1517
2024-05-23 14:05:32.940 [warning] [Decorations] CAPPING events from decorations provider vscode.git 1517
2024-05-23 14:05:34.140 [warning] [Decorations] CAPPING events from decorations provider vscode.git 1517
2024-05-23 14:11:15.711 [warning] [Decorations] CAPPING events from decorations provider vscode.git 1517
2024-05-23 14:11:23.614 [warning] [Decorations] CAPPING events from decorations provider vscode.git 1517
2024-05-23 14:11:28.657 [warning] [Decorations] CAPPING events from decorations provider vscode.git 1517
2024-05-23 14:11:33.695 [warning] [Decorations] CAPPING events from decorations provider vscode.git 1517
2024-05-23 14:11:38.735 [warning] [Decorations] CAPPING events from decorations provider vscode.git 1517
2024-05-23 14:11:43.772 [warning] [Decorations] CAPPING events from decorations provider vscode.git 1517
2024-05-23 14:11:48.805 [warning] [Decorations] CAPPING events from decorations provider vscode.git 1517
2024-05-23 14:11:53.846 [warning] [Decorations] CAPPING events from decorations provider vscode.git 1517
2024-05-23 14:11:58.887 [warning] [Decorations] CAPPING events from decorations provider vscode.git 1517
2024-05-23 14:12:03.935 [warning] [Decorations] CAPPING events from decorations provider vscode.git 1518
2024-05-23 14:12:08.981 [warning] [Decorations] CAPPING events from decorations provider vscode.git 1518
2024-05-23 14:16:57.448 [warning] [Decorations] CAPPING events from decorations provider vscode.git 1518
2024-05-23 14:17:02.485 [warning] [Decorations] CAPPING events from decorations provider vscode.git 1518
2024-05-23 14:17:02.950 [warning] [Decorations] CAPPING events from decorations provider vscode.git 1518
2024-05-23 14:56:00.042 [info] Extension host terminating: received terminate message from renderer
2024-05-23 14:56:00.043 [info] Lock '/home/kimura/.vscode-server/data/User/workspaceStorage/b576e8015bd81410730af1b50aa655b8/vscode.lock': Marking the lockfile as scheduled to be released in 6000 ms.
2024-05-23 14:56:00.075 [error] Canceled: Canceled
	at new O (/home/kimura/.vscode-server/bin/dc96b837cf6bb4af9cd736aa3af08cf8279f7685/out/vs/workbench/api/node/extensionHostProcess.js:145:47131)
	at c.U (/home/kimura/.vscode-server/bin/dc96b837cf6bb4af9cd736aa3af08cf8279f7685/out/vs/workbench/api/node/extensionHostProcess.js:152:5542)
	at F.<computed>.z.charCodeAt.F.<computed> (/home/kimura/.vscode-server/bin/dc96b837cf6bb4af9cd736aa3af08cf8279f7685/out/vs/workbench/api/node/extensionHostProcess.js:152:2993)
	at r.g (/home/kimura/.vscode-server/bin/dc96b837cf6bb4af9cd736aa3af08cf8279f7685/out/vs/workbench/api/node/extensionHostProcess.js:155:188928)
	at r.executeCommand (/home/kimura/.vscode-server/bin/dc96b837cf6bb4af9cd736aa3af08cf8279f7685/out/vs/workbench/api/node/extensionHostProcess.js:155:188366)
	at E.registerCommand.description (/home/kimura/.vscode-server/bin/dc96b837cf6bb4af9cd736aa3af08cf8279f7685/out/vs/workbench/api/node/extensionHostProcess.js:155:187690)
	at r.h (/home/kimura/.vscode-server/bin/dc96b837cf6bb4af9cd736aa3af08cf8279f7685/out/vs/workbench/api/node/extensionHostProcess.js:155:189467)
	at r.g (/home/kimura/.vscode-server/bin/dc96b837cf6bb4af9cd736aa3af08cf8279f7685/out/vs/workbench/api/node/extensionHostProcess.js:155:188459)
	at r.executeCommand (/home/kimura/.vscode-server/bin/dc96b837cf6bb4af9cd736aa3af08cf8279f7685/out/vs/workbench/api/node/extensionHostProcess.js:155:188366)
	at Object.executeCommand (/home/kimura/.vscode-server/bin/dc96b837cf6bb4af9cd736aa3af08cf8279f7685/out/vs/workbench/api/node/extensionHostProcess.js:165:22673)
	at a.O [as value] (/home/kimura/.vscode-server/bin/dc96b837cf6bb4af9cd736aa3af08cf8279f7685/extensions/git/dist/main.js:2:945138)
	at o.y (/home/kimura/.vscode-server/bin/dc96b837cf6bb4af9cd736aa3af08cf8279f7685/out/vs/workbench/api/node/extensionHostProcess.js:82:660)
	at o.z (/home/kimura/.vscode-server/bin/dc96b837cf6bb4af9cd736aa3af08cf8279f7685/out/vs/workbench/api/node/extensionHostProcess.js:82:730)
	at o.fire (/home/kimura/.vscode-server/bin/dc96b837cf6bb4af9cd736aa3af08cf8279f7685/out/vs/workbench/api/node/extensionHostProcess.js:82:946)
	at Object.p [as dispose] (/home/kimura/.vscode-server/bin/dc96b837cf6bb4af9cd736aa3af08cf8279f7685/extensions/git/dist/main.js:2:964222)
	at /home/kimura/.vscode-server/bin/dc96b837cf6bb4af9cd736aa3af08cf8279f7685/extensions/git/dist/main.js:2:970260
	at Array.forEach (<anonymous>)
	at f.dispose (/home/kimura/.vscode-server/bin/dc96b837cf6bb4af9cd736aa3af08cf8279f7685/extensions/git/dist/main.js:2:970246)
	at h.<anonymous> (/home/kimura/.vscode-server/bin/dc96b837cf6bb4af9cd736aa3af08cf8279f7685/out/vs/workbench/api/node/extensionHostProcess.js:153:3955)
	at h.dispose (/home/kimura/.vscode-server/bin/dc96b837cf6bb4af9cd736aa3af08cf8279f7685/out/vs/workbench/api/node/extensionHostProcess.js:153:4052)
	at h.<anonymous> (/home/kimura/.vscode-server/bin/dc96b837cf6bb4af9cd736aa3af08cf8279f7685/extensions/git/dist/main.js:2:947395)
	at h.dispose (/home/kimura/.vscode-server/bin/dc96b837cf6bb4af9cd736aa3af08cf8279f7685/out/vs/workbench/api/node/extensionHostProcess.js:153:4052)
	at a (/home/kimura/.vscode-server/bin/dc96b837cf6bb4af9cd736aa3af08cf8279f7685/out/vs/workbench/api/node/extensionHostProcess.js:30:744)
	at f.eb (/home/kimura/.vscode-server/bin/dc96b837cf6bb4af9cd736aa3af08cf8279f7685/out/vs/workbench/api/node/extensionHostProcess.js:161:9975)
	at /home/kimura/.vscode-server/bin/dc96b837cf6bb4af9cd736aa3af08cf8279f7685/out/vs/workbench/api/node/extensionHostProcess.js:161:7824
	at Array.map (<anonymous>)
	at f.$ (/home/kimura/.vscode-server/bin/dc96b837cf6bb4af9cd736aa3af08cf8279f7685/out/vs/workbench/api/node/extensionHostProcess.js:161:7811)
	at f.terminate (/home/kimura/.vscode-server/bin/dc96b837cf6bb4af9cd736aa3af08cf8279f7685/out/vs/workbench/api/node/extensionHostProcess.js:161:8085)
	at a.terminate (/home/kimura/.vscode-server/bin/dc96b837cf6bb4af9cd736aa3af08cf8279f7685/out/vs/workbench/api/node/extensionHostProcess.js:165:1513)
	at t (/home/kimura/.vscode-server/bin/dc96b837cf6bb4af9cd736aa3af08cf8279f7685/out/vs/workbench/api/node/extensionHostProcess.js:178:9922)
	at a.value (/home/kimura/.vscode-server/bin/dc96b837cf6bb4af9cd736aa3af08cf8279f7685/out/vs/workbench/api/node/extensionHostProcess.js:178:7969)
	at o.y (/home/kimura/.vscode-server/bin/dc96b837cf6bb4af9cd736aa3af08cf8279f7685/out/vs/workbench/api/node/extensionHostProcess.js:82:660)
	at o.fire (/home/kimura/.vscode-server/bin/dc96b837cf6bb4af9cd736aa3af08cf8279f7685/out/vs/workbench/api/node/extensionHostProcess.js:82:877)
	at l.fire (/home/kimura/.vscode-server/bin/dc96b837cf6bb4af9cd736aa3af08cf8279f7685/out/vs/workbench/api/node/extensionHostProcess.js:107:14175)
	at r.z (/home/kimura/.vscode-server/bin/dc96b837cf6bb4af9cd736aa3af08cf8279f7685/out/vs/workbench/api/node/extensionHostProcess.js:107:17240)
	at a.value (/home/kimura/.vscode-server/bin/dc96b837cf6bb4af9cd736aa3af08cf8279f7685/out/vs/workbench/api/node/extensionHostProcess.js:107:15692)
	at o.y (/home/kimura/.vscode-server/bin/dc96b837cf6bb4af9cd736aa3af08cf8279f7685/out/vs/workbench/api/node/extensionHostProcess.js:82:660)
	at o.fire (/home/kimura/.vscode-server/bin/dc96b837cf6bb4af9cd736aa3af08cf8279f7685/out/vs/workbench/api/node/extensionHostProcess.js:82:877)
	at f.acceptChunk (/home/kimura/.vscode-server/bin/dc96b837cf6bb4af9cd736aa3af08cf8279f7685/out/vs/workbench/api/node/extensionHostProcess.js:107:11949)
	at a.value (/home/kimura/.vscode-server/bin/dc96b837cf6bb4af9cd736aa3af08cf8279f7685/out/vs/workbench/api/node/extensionHostProcess.js:107:11236)
	at o.y (/home/kimura/.vscode-server/bin/dc96b837cf6bb4af9cd736aa3af08cf8279f7685/out/vs/workbench/api/node/extensionHostProcess.js:82:660)
	at o.fire (/home/kimura/.vscode-server/bin/dc96b837cf6bb4af9cd736aa3af08cf8279f7685/out/vs/workbench/api/node/extensionHostProcess.js:82:877)
	at i.z (/home/kimura/.vscode-server/bin/dc96b837cf6bb4af9cd736aa3af08cf8279f7685/out/vs/workbench/api/node/extensionHostProcess.js:175:19732)
	at i.acceptFrame (/home/kimura/.vscode-server/bin/dc96b837cf6bb4af9cd736aa3af08cf8279f7685/out/vs/workbench/api/node/extensionHostProcess.js:175:19538)
	at n (/home/kimura/.vscode-server/bin/dc96b837cf6bb4af9cd736aa3af08cf8279f7685/out/vs/workbench/api/node/extensionHostProcess.js:175:18037)
	at /home/kimura/.vscode-server/bin/dc96b837cf6bb4af9cd736aa3af08cf8279f7685/out/vs/workbench/api/node/extensionHostProcess.js:175:15257
	at Socket.S (/home/kimura/.vscode-server/bin/dc96b837cf6bb4af9cd736aa3af08cf8279f7685/out/vs/workbench/api/node/extensionHostProcess.js:175:13162)
	at Socket.emit (node:events:517:28)
	at addChunk (node:internal/streams/readable:335:12)
	at readableAddChunk (node:internal/streams/readable:308:9)
	at Readable.push (node:internal/streams/readable:245:10)
	at TCP.onStreamRead (node:internal/stream_base_commons:190:23) setContext undefined
2024-05-23 14:56:00.076 [error] Canceled: Canceled
	at new O (/home/kimura/.vscode-server/bin/dc96b837cf6bb4af9cd736aa3af08cf8279f7685/out/vs/workbench/api/node/extensionHostProcess.js:145:47131)
	at c.U (/home/kimura/.vscode-server/bin/dc96b837cf6bb4af9cd736aa3af08cf8279f7685/out/vs/workbench/api/node/extensionHostProcess.js:152:5542)
	at F.<computed>.z.charCodeAt.F.<computed> (/home/kimura/.vscode-server/bin/dc96b837cf6bb4af9cd736aa3af08cf8279f7685/out/vs/workbench/api/node/extensionHostProcess.js:152:2993)
	at r.g (/home/kimura/.vscode-server/bin/dc96b837cf6bb4af9cd736aa3af08cf8279f7685/out/vs/workbench/api/node/extensionHostProcess.js:155:188928)
	at r.executeCommand (/home/kimura/.vscode-server/bin/dc96b837cf6bb4af9cd736aa3af08cf8279f7685/out/vs/workbench/api/node/extensionHostProcess.js:155:188366)
	at E.registerCommand.description (/home/kimura/.vscode-server/bin/dc96b837cf6bb4af9cd736aa3af08cf8279f7685/out/vs/workbench/api/node/extensionHostProcess.js:155:187690)
	at r.h (/home/kimura/.vscode-server/bin/dc96b837cf6bb4af9cd736aa3af08cf8279f7685/out/vs/workbench/api/node/extensionHostProcess.js:155:189467)
	at r.g (/home/kimura/.vscode-server/bin/dc96b837cf6bb4af9cd736aa3af08cf8279f7685/out/vs/workbench/api/node/extensionHostProcess.js:155:188459)
	at r.executeCommand (/home/kimura/.vscode-server/bin/dc96b837cf6bb4af9cd736aa3af08cf8279f7685/out/vs/workbench/api/node/extensionHostProcess.js:155:188366)
	at Object.executeCommand (/home/kimura/.vscode-server/bin/dc96b837cf6bb4af9cd736aa3af08cf8279f7685/out/vs/workbench/api/node/extensionHostProcess.js:165:22673)
	at set hasGitHubRepositories [as hasGitHubRepositories] (/home/kimura/.vscode-server/bin/dc96b837cf6bb4af9cd736aa3af08cf8279f7685/extensions/github/dist/extension.js:2:322969)
	at /home/kimura/.vscode-server/bin/dc96b837cf6bb4af9cd736aa3af08cf8279f7685/extensions/github/dist/extension.js:2:323928
	at a.value (/home/kimura/.vscode-server/bin/dc96b837cf6bb4af9cd736aa3af08cf8279f7685/extensions/git/dist/main.js:2:1050711)
	at o.y (/home/kimura/.vscode-server/bin/dc96b837cf6bb4af9cd736aa3af08cf8279f7685/out/vs/workbench/api/node/extensionHostProcess.js:82:660)
	at o.z (/home/kimura/.vscode-server/bin/dc96b837cf6bb4af9cd736aa3af08cf8279f7685/out/vs/workbench/api/node/extensionHostProcess.js:82:730)
	at o.fire (/home/kimura/.vscode-server/bin/dc96b837cf6bb4af9cd736aa3af08cf8279f7685/out/vs/workbench/api/node/extensionHostProcess.js:82:946)
	at Object.p [as dispose] (/home/kimura/.vscode-server/bin/dc96b837cf6bb4af9cd736aa3af08cf8279f7685/extensions/git/dist/main.js:2:964222)
	at /home/kimura/.vscode-server/bin/dc96b837cf6bb4af9cd736aa3af08cf8279f7685/extensions/git/dist/main.js:2:970260
	at Array.forEach (<anonymous>)
	at f.dispose (/home/kimura/.vscode-server/bin/dc96b837cf6bb4af9cd736aa3af08cf8279f7685/extensions/git/dist/main.js:2:970246)
	at h.<anonymous> (/home/kimura/.vscode-server/bin/dc96b837cf6bb4af9cd736aa3af08cf8279f7685/out/vs/workbench/api/node/extensionHostProcess.js:153:3955)
	at h.dispose (/home/kimura/.vscode-server/bin/dc96b837cf6bb4af9cd736aa3af08cf8279f7685/out/vs/workbench/api/node/extensionHostProcess.js:153:4052)
	at h.<anonymous> (/home/kimura/.vscode-server/bin/dc96b837cf6bb4af9cd736aa3af08cf8279f7685/extensions/git/dist/main.js:2:947395)
	at h.dispose (/home/kimura/.vscode-server/bin/dc96b837cf6bb4af9cd736aa3af08cf8279f7685/out/vs/workbench/api/node/extensionHostProcess.js:153:4052)
	at a (/home/kimura/.vscode-server/bin/dc96b837cf6bb4af9cd736aa3af08cf8279f7685/out/vs/workbench/api/node/extensionHostProcess.js:30:744)
	at f.eb (/home/kimura/.vscode-server/bin/dc96b837cf6bb4af9cd736aa3af08cf8279f7685/out/vs/workbench/api/node/extensionHostProcess.js:161:9975)
	at /home/kimura/.vscode-server/bin/dc96b837cf6bb4af9cd736aa3af08cf8279f7685/out/vs/workbench/api/node/extensionHostProcess.js:161:7824
	at Array.map (<anonymous>)
	at f.$ (/home/kimura/.vscode-server/bin/dc96b837cf6bb4af9cd736aa3af08cf8279f7685/out/vs/workbench/api/node/extensionHostProcess.js:161:7811)
	at f.terminate (/home/kimura/.vscode-server/bin/dc96b837cf6bb4af9cd736aa3af08cf8279f7685/out/vs/workbench/api/node/extensionHostProcess.js:161:8085)
	at a.terminate (/home/kimura/.vscode-server/bin/dc96b837cf6bb4af9cd736aa3af08cf8279f7685/out/vs/workbench/api/node/extensionHostProcess.js:165:1513)
	at t (/home/kimura/.vscode-server/bin/dc96b837cf6bb4af9cd736aa3af08cf8279f7685/out/vs/workbench/api/node/extensionHostProcess.js:178:9922)
	at a.value (/home/kimura/.vscode-server/bin/dc96b837cf6bb4af9cd736aa3af08cf8279f7685/out/vs/workbench/api/node/extensionHostProcess.js:178:7969)
	at o.y (/home/kimura/.vscode-server/bin/dc96b837cf6bb4af9cd736aa3af08cf8279f7685/out/vs/workbench/api/node/extensionHostProcess.js:82:660)
	at o.fire (/home/kimura/.vscode-server/bin/dc96b837cf6bb4af9cd736aa3af08cf8279f7685/out/vs/workbench/api/node/extensionHostProcess.js:82:877)
	at l.fire (/home/kimura/.vscode-server/bin/dc96b837cf6bb4af9cd736aa3af08cf8279f7685/out/vs/workbench/api/node/extensionHostProcess.js:107:14175)
	at r.z (/home/kimura/.vscode-server/bin/dc96b837cf6bb4af9cd736aa3af08cf8279f7685/out/vs/workbench/api/node/extensionHostProcess.js:107:17240)
	at a.value (/home/kimura/.vscode-server/bin/dc96b837cf6bb4af9cd736aa3af08cf8279f7685/out/vs/workbench/api/node/extensionHostProcess.js:107:15692)
	at o.y (/home/kimura/.vscode-server/bin/dc96b837cf6bb4af9cd736aa3af08cf8279f7685/out/vs/workbench/api/node/extensionHostProcess.js:82:660)
	at o.fire (/home/kimura/.vscode-server/bin/dc96b837cf6bb4af9cd736aa3af08cf8279f7685/out/vs/workbench/api/node/extensionHostProcess.js:82:877)
	at f.acceptChunk (/home/kimura/.vscode-server/bin/dc96b837cf6bb4af9cd736aa3af08cf8279f7685/out/vs/workbench/api/node/extensionHostProcess.js:107:11949)
	at a.value (/home/kimura/.vscode-server/bin/dc96b837cf6bb4af9cd736aa3af08cf8279f7685/out/vs/workbench/api/node/extensionHostProcess.js:107:11236)
	at o.y (/home/kimura/.vscode-server/bin/dc96b837cf6bb4af9cd736aa3af08cf8279f7685/out/vs/workbench/api/node/extensionHostProcess.js:82:660)
	at o.fire (/home/kimura/.vscode-server/bin/dc96b837cf6bb4af9cd736aa3af08cf8279f7685/out/vs/workbench/api/node/extensionHostProcess.js:82:877)
	at i.z (/home/kimura/.vscode-server/bin/dc96b837cf6bb4af9cd736aa3af08cf8279f7685/out/vs/workbench/api/node/extensionHostProcess.js:175:19732)
	at i.acceptFrame (/home/kimura/.vscode-server/bin/dc96b837cf6bb4af9cd736aa3af08cf8279f7685/out/vs/workbench/api/node/extensionHostProcess.js:175:19538)
	at n (/home/kimura/.vscode-server/bin/dc96b837cf6bb4af9cd736aa3af08cf8279f7685/out/vs/workbench/api/node/extensionHostProcess.js:175:18037)
	at /home/kimura/.vscode-server/bin/dc96b837cf6bb4af9cd736aa3af08cf8279f7685/out/vs/workbench/api/node/extensionHostProcess.js:175:15257
	at Socket.S (/home/kimura/.vscode-server/bin/dc96b837cf6bb4af9cd736aa3af08cf8279f7685/out/vs/workbench/api/node/extensionHostProcess.js:175:13162)
	at Socket.emit (node:events:517:28)
	at addChunk (node:internal/streams/readable:335:12)
	at readableAddChunk (node:internal/streams/readable:308:9)
	at Readable.push (node:internal/streams/readable:245:10)
	at TCP.onStreamRead (node:internal/stream_base_commons:190:23) setContext undefined
2024-05-23 14:56:00.076 [info] Extension host with pid 1644 exiting with code 0
