2024-05-22 15:47:14.542 [info] ログ レベル: Info
2024-05-22 15:47:14.542 [info] Git の検証が検出されました: "git"
2024-05-22 15:47:14.542 [info] "git" から Git "2.34.1" を使用しています
2024-05-22 15:47:14.543 [info] > git rev-parse --show-toplevel [9ms]
2024-05-22 15:47:14.543 [info] fatal: not a git repository (or any of the parent directories): .git
2024-05-22 15:47:14.543 [info] > git rev-parse --show-toplevel [5ms]
2024-05-22 15:47:14.543 [info] fatal: not a git repository (or any of the parent directories): .git
2024-05-22 15:47:14.544 [info] > git rev-parse --show-toplevel [2ms]
2024-05-22 15:47:14.544 [info] fatal: not a git repository (or any of the parent directories): .git
2024-05-22 15:47:14.565 [info] > git rev-parse --show-toplevel [15ms]
2024-05-22 15:47:14.566 [info] fatal: not a git repository (or any of the parent directories): .git
2024-05-22 15:47:14.577 [info] > git rev-parse --show-toplevel [2ms]
2024-05-22 15:47:14.577 [info] fatal: not a git repository (or any of the parent directories): .git
2024-05-22 15:47:14.600 [info] > git rev-parse --show-toplevel [15ms]
2024-05-22 15:47:14.600 [info] fatal: not a git repository (or any of the parent directories): .git
2024-05-22 15:47:14.609 [info] > git rev-parse --show-toplevel [2ms]
2024-05-22 15:47:14.609 [info] fatal: not a git repository (or any of the parent directories): .git
2024-05-22 15:47:14.618 [info] > git rev-parse --show-toplevel [1ms]
2024-05-22 15:47:14.618 [info] fatal: not a git repository (or any of the parent directories): .git
2024-05-22 15:47:14.883 [info] > git rev-parse --show-toplevel [1ms]
2024-05-22 15:47:14.883 [info] fatal: not a git repository (or any of the parent directories): .git
2024-05-22 15:47:14.888 [info] > git rev-parse --show-toplevel [1ms]
2024-05-22 15:47:14.888 [info] fatal: not a git repository (or any of the parent directories): .git
2024-05-22 15:47:15.228 [info] > git rev-parse --show-toplevel [1ms]
2024-05-22 15:47:15.228 [info] fatal: not a git repository (or any of the parent directories): .git
2024-05-22 15:47:58.116 [info] > git rev-parse --show-toplevel [1ms]
2024-05-22 15:47:58.116 [info] fatal: not a git repository (or any of the parent directories): .git
2024-05-22 15:49:36.615 [info] > git rev-parse --show-toplevel [0ms]
2024-05-22 15:49:36.615 [info] fatal: not a git repository (or any of the parent directories): .git
2024-05-22 15:57:05.775 [info] > git rev-parse --show-toplevel [1ms]
2024-05-22 15:57:05.775 [info] fatal: not a git repository (or any of the parent directories): .git
2024-05-22 16:04:44.071 [info] > git rev-parse --show-toplevel [1ms]
2024-05-22 16:04:44.071 [info] fatal: not a git repository (or any of the parent directories): .git
2024-05-22 16:54:38.793 [info] > git rev-parse --show-toplevel [3ms]
2024-05-22 16:54:38.794 [info] fatal: not a git repository (or any of the parent directories): .git
2024-05-22 16:54:39.545 [info] > git rev-parse --show-toplevel [1ms]
2024-05-22 16:54:39.545 [info] fatal: not a git repository (or any of the parent directories): .git
2024-05-22 16:54:45.121 [info] > git rev-parse --show-toplevel [1ms]
2024-05-22 16:54:45.121 [info] fatal: not a git repository (or any of the parent directories): .git
2024-05-22 16:54:49.195 [info] > git rev-parse --show-toplevel [2ms]
2024-05-22 16:54:49.195 [info] fatal: not a git repository (or any of the parent directories): .git
2024-05-22 16:54:50.740 [info] > git rev-parse --show-toplevel [0ms]
2024-05-22 16:54:50.740 [info] fatal: not a git repository (or any of the parent directories): .git
2024-05-22 16:55:00.621 [info] > git rev-parse --show-toplevel [0ms]
2024-05-22 16:55:00.621 [info] fatal: not a git repository (or any of the parent directories): .git
2024-05-22 16:55:02.780 [info] > git rev-parse --show-toplevel [1ms]
2024-05-22 16:55:02.780 [info] fatal: not a git repository (or any of the parent directories): .git
2024-05-22 16:55:29.061 [info] > git rev-parse --show-toplevel [1ms]
2024-05-22 16:55:29.061 [info] fatal: not a git repository (or any of the parent directories): .git
2024-05-22 16:56:42.679 [info] > git rev-parse --show-toplevel [2ms]
2024-05-22 16:56:42.679 [info] fatal: not a git repository (or any of the parent directories): .git
2024-05-22 16:57:16.076 [info] > git rev-parse --show-toplevel [1ms]
2024-05-22 16:57:16.076 [info] fatal: not a git repository (or any of the parent directories): .git
2024-05-22 16:57:22.388 [info] > git rev-parse --show-toplevel [1ms]
2024-05-22 16:57:22.389 [info] fatal: not a git repository (or any of the parent directories): .git
2024-05-22 16:57:56.215 [info] > git rev-parse --show-toplevel [1ms]
2024-05-22 16:57:56.215 [info] fatal: not a git repository (or any of the parent directories): .git
2024-05-22 16:59:04.127 [info] > git rev-parse --show-toplevel [1ms]
2024-05-22 16:59:04.127 [info] fatal: not a git repository (or any of the parent directories): .git
2024-05-22 17:03:54.432 [info] > git rev-parse --show-toplevel [1ms]
2024-05-22 17:03:54.432 [info] fatal: not a git repository (or any of the parent directories): .git
2024-05-22 17:04:09.977 [info] > git rev-parse --show-toplevel [1ms]
2024-05-22 17:04:09.978 [info] fatal: not a git repository (or any of the parent directories): .git
2024-05-22 17:05:14.574 [info] > git rev-parse --show-toplevel [1ms]
2024-05-22 17:05:14.574 [info] fatal: not a git repository (or any of the parent directories): .git
2024-05-22 17:06:33.854 [info] > git rev-parse --show-toplevel [1ms]
2024-05-22 17:06:33.854 [info] fatal: not a git repository (or any of the parent directories): .git
2024-05-22 17:20:06.571 [info] > git rev-parse --show-toplevel [2ms]
2024-05-22 17:20:06.571 [info] fatal: not a git repository (or any of the parent directories): .git
2024-05-22 17:20:54.111 [info] > git rev-parse --show-toplevel [1ms]
2024-05-22 17:20:54.111 [info] fatal: not a git repository (or any of the parent directories): .git
2024-05-22 17:22:46.828 [info] > git rev-parse --show-toplevel [1ms]
2024-05-22 17:22:46.828 [info] fatal: not a git repository (or any of the parent directories): .git
